mode: atomic
github.com/bhagyaraj1208117/andes-crypto-go/signing/disabled/multisig/disabled.go:10.87,12.2 1 1
github.com/bhagyaraj1208117/andes-crypto-go/signing/disabled/multisig/disabled.go:15.87,17.2 1 1
github.com/bhagyaraj1208117/andes-crypto-go/signing/disabled/multisig/disabled.go:20.84,22.2 1 1
github.com/bhagyaraj1208117/andes-crypto-go/signing/disabled/multisig/disabled.go:25.88,27.2 1 1
github.com/bhagyaraj1208117/andes-crypto-go/signing/disabled/multisig/disabled.go:30.52,32.2 1 1
github.com/bhagyaraj1208117/andes-crypto-go/signing/disabled/singlesig/disabled.go:12.83,14.2 1 1
github.com/bhagyaraj1208117/andes-crypto-go/signing/disabled/singlesig/disabled.go:17.84,19.2 1 1
github.com/bhagyaraj1208117/andes-crypto-go/signing/disabled/singlesig/disabled.go:22.53,24.2 1 1
github.com/bhagyaraj1208117/andes-crypto-go/signing/disabled/point.go:11.58,13.2 1 1
github.com/bhagyaraj1208117/andes-crypto-go/signing/disabled/point.go:16.58,18.2 1 1
github.com/bhagyaraj1208117/andes-crypto-go/signing/disabled/point.go:21.62,23.2 1 1
github.com/bhagyaraj1208117/andes-crypto-go/signing/disabled/point.go:26.46,28.2 1 1
github.com/bhagyaraj1208117/andes-crypto-go/signing/disabled/point.go:31.52,33.2 1 1
github.com/bhagyaraj1208117/andes-crypto-go/signing/disabled/point.go:36.47,38.2 1 1
github.com/bhagyaraj1208117/andes-crypto-go/signing/disabled/point.go:41.68,43.2 1 1
github.com/bhagyaraj1208117/andes-crypto-go/signing/disabled/point.go:46.68,48.2 1 1
github.com/bhagyaraj1208117/andes-crypto-go/signing/disabled/point.go:51.45,53.2 1 1
github.com/bhagyaraj1208117/andes-crypto-go/signing/disabled/point.go:56.69,58.2 1 1
github.com/bhagyaraj1208117/andes-crypto-go/signing/disabled/point.go:61.55,63.2 1 1
github.com/bhagyaraj1208117/andes-crypto-go/signing/disabled/point.go:66.57,68.2 1 1
github.com/bhagyaraj1208117/andes-crypto-go/signing/disabled/point.go:71.48,73.2 1 1
github.com/bhagyaraj1208117/andes-crypto-go/signing/disabled/scalar.go:10.59,12.2 1 1
github.com/bhagyaraj1208117/andes-crypto-go/signing/disabled/scalar.go:15.59,17.2 1 1
github.com/bhagyaraj1208117/andes-crypto-go/signing/disabled/scalar.go:20.64,22.2 1 1
github.com/bhagyaraj1208117/andes-crypto-go/signing/disabled/scalar.go:25.54,27.2 1 1
github.com/bhagyaraj1208117/andes-crypto-go/signing/disabled/scalar.go:30.49,32.2 1 1
github.com/bhagyaraj1208117/andes-crypto-go/signing/disabled/scalar.go:35.46,36.2 0 1
github.com/bhagyaraj1208117/andes-crypto-go/signing/disabled/scalar.go:39.48,41.2 1 1
github.com/bhagyaraj1208117/andes-crypto-go/signing/disabled/scalar.go:44.71,46.2 1 1
github.com/bhagyaraj1208117/andes-crypto-go/signing/disabled/scalar.go:49.71,51.2 1 1
github.com/bhagyaraj1208117/andes-crypto-go/signing/disabled/scalar.go:54.47,56.2 1 1
github.com/bhagyaraj1208117/andes-crypto-go/signing/disabled/scalar.go:59.47,61.2 1 1
github.com/bhagyaraj1208117/andes-crypto-go/signing/disabled/scalar.go:64.71,66.2 1 1
github.com/bhagyaraj1208117/andes-crypto-go/signing/disabled/scalar.go:69.71,71.2 1 1
github.com/bhagyaraj1208117/andes-crypto-go/signing/disabled/scalar.go:74.71,76.2 1 1
github.com/bhagyaraj1208117/andes-crypto-go/signing/disabled/scalar.go:79.57,81.2 1 1
github.com/bhagyaraj1208117/andes-crypto-go/signing/disabled/scalar.go:84.69,86.2 1 1
github.com/bhagyaraj1208117/andes-crypto-go/signing/disabled/scalar.go:89.58,91.2 1 1
github.com/bhagyaraj1208117/andes-crypto-go/signing/disabled/scalar.go:94.49,96.2 1 1
github.com/bhagyaraj1208117/andes-crypto-go/signing/disabled/suite.go:17.40,19.2 1 1
github.com/bhagyaraj1208117/andes-crypto-go/signing/disabled/suite.go:22.42,24.2 1 1
github.com/bhagyaraj1208117/andes-crypto-go/signing/disabled/suite.go:27.42,29.2 1 1
github.com/bhagyaraj1208117/andes-crypto-go/signing/disabled/suite.go:32.55,34.2 1 1
github.com/bhagyaraj1208117/andes-crypto-go/signing/disabled/suite.go:37.41,39.2 1 1
github.com/bhagyaraj1208117/andes-crypto-go/signing/disabled/suite.go:42.53,44.2 1 1
github.com/bhagyaraj1208117/andes-crypto-go/signing/disabled/suite.go:47.86,49.2 1 1
github.com/bhagyaraj1208117/andes-crypto-go/signing/disabled/suite.go:52.48,54.2 1 1
github.com/bhagyaraj1208117/andes-crypto-go/signing/disabled/suite.go:57.55,59.2 1 1
github.com/bhagyaraj1208117/andes-crypto-go/signing/disabled/suite.go:62.72,64.2 1 1
github.com/bhagyaraj1208117/andes-crypto-go/signing/disabled/suite.go:67.58,69.2 1 1
github.com/bhagyaraj1208117/andes-crypto-go/signing/disabled/suite.go:72.59,74.2 1 1
github.com/bhagyaraj1208117/andes-crypto-go/signing/key.go:33.56,35.2 1 17
github.com/bhagyaraj1208117/andes-crypto-go/signing/key.go:38.78,41.16 2 9
github.com/bhagyaraj1208117/andes-crypto-go/signing/key.go:41.16,42.50 1 1
github.com/bhagyaraj1208117/andes-crypto-go/signing/key.go:45.2,51.4 1 8
github.com/bhagyaraj1208117/andes-crypto-go/signing/key.go:55.86,56.17 1 3
github.com/bhagyaraj1208117/andes-crypto-go/signing/key.go:56.17,58.3 1 1
github.com/bhagyaraj1208117/andes-crypto-go/signing/key.go:59.2,61.16 3 2
github.com/bhagyaraj1208117/andes-crypto-go/signing/key.go:61.16,63.3 1 1
github.com/bhagyaraj1208117/andes-crypto-go/signing/key.go:65.2,68.8 1 1
github.com/bhagyaraj1208117/andes-crypto-go/signing/key.go:72.84,73.35 1 3
github.com/bhagyaraj1208117/andes-crypto-go/signing/key.go:73.35,75.3 1 1
github.com/bhagyaraj1208117/andes-crypto-go/signing/key.go:77.2,79.16 3 2
github.com/bhagyaraj1208117/andes-crypto-go/signing/key.go:79.16,81.3 1 1
github.com/bhagyaraj1208117/andes-crypto-go/signing/key.go:83.2,86.8 1 1
github.com/bhagyaraj1208117/andes-crypto-go/signing/key.go:90.61,92.2 1 0
github.com/bhagyaraj1208117/andes-crypto-go/signing/key.go:95.46,97.2 1 2
github.com/bhagyaraj1208117/andes-crypto-go/signing/key.go:100.47,102.2 1 0
github.com/bhagyaraj1208117/andes-crypto-go/signing/key.go:104.93,105.24 1 9
github.com/bhagyaraj1208117/andes-crypto-go/signing/key.go:105.24,107.3 1 1
github.com/bhagyaraj1208117/andes-crypto-go/signing/key.go:109.2,111.29 2 8
github.com/bhagyaraj1208117/andes-crypto-go/signing/key.go:115.54,117.2 1 1
github.com/bhagyaraj1208117/andes-crypto-go/signing/key.go:120.58,122.16 2 1
github.com/bhagyaraj1208117/andes-crypto-go/signing/key.go:122.16,125.3 1 0
github.com/bhagyaraj1208117/andes-crypto-go/signing/key.go:127.2,130.3 1 1
github.com/bhagyaraj1208117/andes-crypto-go/signing/key.go:134.45,136.2 1 1
github.com/bhagyaraj1208117/andes-crypto-go/signing/key.go:139.47,141.2 1 4
github.com/bhagyaraj1208117/andes-crypto-go/signing/key.go:144.46,146.2 1 0
github.com/bhagyaraj1208117/andes-crypto-go/signing/key.go:149.52,151.2 1 1
github.com/bhagyaraj1208117/andes-crypto-go/signing/key.go:154.43,156.2 1 1
github.com/bhagyaraj1208117/andes-crypto-go/signing/key.go:159.43,161.2 1 4
github.com/bhagyaraj1208117/andes-crypto-go/signing/key.go:164.44,166.2 1 0
github.com/bhagyaraj1208117/andes-crypto-go/signing/ed25519/singlesig/ed25519.go:14.85,15.26 1 7
github.com/bhagyaraj1208117/andes-crypto-go/signing/ed25519/singlesig/ed25519.go:15.26,17.3 1 1
github.com/bhagyaraj1208117/andes-crypto-go/signing/ed25519/singlesig/ed25519.go:19.2,20.9 2 6
github.com/bhagyaraj1208117/andes-crypto-go/signing/ed25519/singlesig/ed25519.go:20.9,22.3 1 1
github.com/bhagyaraj1208117/andes-crypto-go/signing/ed25519/singlesig/ed25519.go:23.2,23.50 1 5
github.com/bhagyaraj1208117/andes-crypto-go/signing/ed25519/singlesig/ed25519.go:23.50,25.3 1 1
github.com/bhagyaraj1208117/andes-crypto-go/signing/ed25519/singlesig/ed25519.go:27.2,29.17 2 4
github.com/bhagyaraj1208117/andes-crypto-go/signing/ed25519/singlesig/ed25519.go:33.87,34.25 1 6
github.com/bhagyaraj1208117/andes-crypto-go/signing/ed25519/singlesig/ed25519.go:34.25,36.3 1 1
github.com/bhagyaraj1208117/andes-crypto-go/signing/ed25519/singlesig/ed25519.go:38.2,39.9 2 5
github.com/bhagyaraj1208117/andes-crypto-go/signing/ed25519/singlesig/ed25519.go:39.9,41.3 1 1
github.com/bhagyaraj1208117/andes-crypto-go/signing/ed25519/singlesig/ed25519.go:42.2,42.48 1 4
github.com/bhagyaraj1208117/andes-crypto-go/signing/ed25519/singlesig/ed25519.go:42.48,44.3 1 1
github.com/bhagyaraj1208117/andes-crypto-go/signing/ed25519/singlesig/ed25519.go:46.2,47.17 2 3
github.com/bhagyaraj1208117/andes-crypto-go/signing/ed25519/singlesig/ed25519.go:47.17,49.3 1 2
github.com/bhagyaraj1208117/andes-crypto-go/signing/ed25519/singlesig/ed25519.go:51.2,51.12 1 1
github.com/bhagyaraj1208117/andes-crypto-go/signing/ed25519/singlesig/ed25519.go:55.47,57.2 1 0
github.com/bhagyaraj1208117/andes-crypto-go/signing/ed25519/point.go:22.61,23.20 1 9
github.com/bhagyaraj1208117/andes-crypto-go/signing/ed25519/point.go:23.20,25.3 1 1
github.com/bhagyaraj1208117/andes-crypto-go/signing/ed25519/point.go:27.2,28.9 2 8
github.com/bhagyaraj1208117/andes-crypto-go/signing/ed25519/point.go:28.9,30.3 1 1
github.com/bhagyaraj1208117/andes-crypto-go/signing/ed25519/point.go:32.2,32.59 1 7
github.com/bhagyaraj1208117/andes-crypto-go/signing/ed25519/point.go:36.56,38.2 1 0
github.com/bhagyaraj1208117/andes-crypto-go/signing/ed25519/point.go:41.57,43.2 1 1
github.com/bhagyaraj1208117/andes-crypto-go/signing/ed25519/point.go:46.61,49.2 2 2
github.com/bhagyaraj1208117/andes-crypto-go/signing/ed25519/point.go:52.51,53.20 1 5
github.com/bhagyaraj1208117/andes-crypto-go/signing/ed25519/point.go:53.20,55.3 1 1
github.com/bhagyaraj1208117/andes-crypto-go/signing/ed25519/point.go:57.2,58.9 2 4
github.com/bhagyaraj1208117/andes-crypto-go/signing/ed25519/point.go:58.9,60.3 1 0
github.com/bhagyaraj1208117/andes-crypto-go/signing/ed25519/point.go:62.2,63.12 2 4
github.com/bhagyaraj1208117/andes-crypto-go/signing/ed25519/point.go:67.46,72.2 3 2
github.com/bhagyaraj1208117/andes-crypto-go/signing/ed25519/point.go:75.45,80.2 2 0
github.com/bhagyaraj1208117/andes-crypto-go/signing/ed25519/point.go:83.45,88.2 2 0
github.com/bhagyaraj1208117/andes-crypto-go/signing/ed25519/point.go:91.67,96.2 2 0
github.com/bhagyaraj1208117/andes-crypto-go/signing/ed25519/point.go:99.67,104.2 2 0
github.com/bhagyaraj1208117/andes-crypto-go/signing/ed25519/point.go:107.44,112.2 2 0
github.com/bhagyaraj1208117/andes-crypto-go/signing/ed25519/point.go:115.68,120.2 2 0
github.com/bhagyaraj1208117/andes-crypto-go/signing/ed25519/point.go:123.54,128.2 2 0
github.com/bhagyaraj1208117/andes-crypto-go/signing/ed25519/point.go:131.47,133.2 1 11
github.com/bhagyaraj1208117/andes-crypto-go/signing/ed25519/scalar.go:18.63,20.16 2 10
github.com/bhagyaraj1208117/andes-crypto-go/signing/ed25519/scalar.go:20.16,22.3 1 2
github.com/bhagyaraj1208117/andes-crypto-go/signing/ed25519/scalar.go:24.2,24.52 1 8
github.com/bhagyaraj1208117/andes-crypto-go/signing/ed25519/scalar.go:28.53,30.16 2 5
github.com/bhagyaraj1208117/andes-crypto-go/signing/ed25519/scalar.go:30.16,32.3 1 1
github.com/bhagyaraj1208117/andes-crypto-go/signing/ed25519/scalar.go:34.2,36.12 2 4
github.com/bhagyaraj1208117/andes-crypto-go/signing/ed25519/scalar.go:40.48,45.2 3 2
github.com/bhagyaraj1208117/andes-crypto-go/signing/ed25519/scalar.go:48.57,50.16 2 15
github.com/bhagyaraj1208117/andes-crypto-go/signing/ed25519/scalar.go:50.16,54.3 2 1
github.com/bhagyaraj1208117/andes-crypto-go/signing/ed25519/scalar.go:56.2,56.22 1 14
github.com/bhagyaraj1208117/andes-crypto-go/signing/ed25519/scalar.go:60.58,62.16 2 3
github.com/bhagyaraj1208117/andes-crypto-go/signing/ed25519/scalar.go:62.16,64.3 1 1
github.com/bhagyaraj1208117/andes-crypto-go/signing/ed25519/scalar.go:66.2,66.27 1 2
github.com/bhagyaraj1208117/andes-crypto-go/signing/ed25519/scalar.go:70.58,71.16 1 3
github.com/bhagyaraj1208117/andes-crypto-go/signing/ed25519/scalar.go:72.24,73.44 1 1
github.com/bhagyaraj1208117/andes-crypto-go/signing/ed25519/scalar.go:74.30,76.17 2 1
github.com/bhagyaraj1208117/andes-crypto-go/signing/ed25519/scalar.go:76.17,78.4 1 0
github.com/bhagyaraj1208117/andes-crypto-go/signing/ed25519/scalar.go:80.3,80.20 1 1
github.com/bhagyaraj1208117/andes-crypto-go/signing/ed25519/scalar.go:81.10,82.37 1 1
github.com/bhagyaraj1208117/andes-crypto-go/signing/ed25519/scalar.go:85.2,85.12 1 2
github.com/bhagyaraj1208117/andes-crypto-go/signing/ed25519/scalar.go:89.44,92.2 1 0
github.com/bhagyaraj1208117/andes-crypto-go/signing/ed25519/scalar.go:95.47,100.2 2 0
github.com/bhagyaraj1208117/andes-crypto-go/signing/ed25519/scalar.go:103.70,108.2 2 0
github.com/bhagyaraj1208117/andes-crypto-go/signing/ed25519/scalar.go:111.70,116.2 2 0
github.com/bhagyaraj1208117/andes-crypto-go/signing/ed25519/scalar.go:119.46,124.2 2 0
github.com/bhagyaraj1208117/andes-crypto-go/signing/ed25519/scalar.go:127.46,132.2 2 0
github.com/bhagyaraj1208117/andes-crypto-go/signing/ed25519/scalar.go:135.70,140.2 2 0
github.com/bhagyaraj1208117/andes-crypto-go/signing/ed25519/scalar.go:143.70,148.2 2 0
github.com/bhagyaraj1208117/andes-crypto-go/signing/ed25519/scalar.go:151.70,156.2 2 0
github.com/bhagyaraj1208117/andes-crypto-go/signing/ed25519/scalar.go:159.56,164.2 2 0
github.com/bhagyaraj1208117/andes-crypto-go/signing/ed25519/scalar.go:168.68,173.2 2 0
github.com/bhagyaraj1208117/andes-crypto-go/signing/ed25519/scalar.go:176.48,178.2 1 12
github.com/bhagyaraj1208117/andes-crypto-go/signing/ed25519/scalar.go:180.95,181.20 1 15
github.com/bhagyaraj1208117/andes-crypto-go/signing/ed25519/scalar.go:181.20,183.3 1 2
github.com/bhagyaraj1208117/andes-crypto-go/signing/ed25519/scalar.go:185.2,186.9 2 13
github.com/bhagyaraj1208117/andes-crypto-go/signing/ed25519/scalar.go:186.9,188.3 1 1
github.com/bhagyaraj1208117/andes-crypto-go/signing/ed25519/scalar.go:190.2,190.24 1 12
github.com/bhagyaraj1208117/andes-crypto-go/signing/ed25519/scalar.go:193.47,194.40 1 22
github.com/bhagyaraj1208117/andes-crypto-go/signing/ed25519/scalar.go:194.40,196.3 1 3
github.com/bhagyaraj1208117/andes-crypto-go/signing/ed25519/scalar.go:198.2,200.38 3 19
github.com/bhagyaraj1208117/andes-crypto-go/signing/ed25519/scalar.go:200.38,202.3 1 1
github.com/bhagyaraj1208117/andes-crypto-go/signing/ed25519/scalar.go:204.2,204.12 1 18
github.com/bhagyaraj1208117/andes-crypto-go/signing/ed25519/suite.go:23.33,25.2 1 33
github.com/bhagyaraj1208117/andes-crypto-go/signing/ed25519/suite.go:28.70,30.16 2 23
github.com/bhagyaraj1208117/andes-crypto-go/signing/ed25519/suite.go:30.16,31.61 1 0
github.com/bhagyaraj1208117/andes-crypto-go/signing/ed25519/suite.go:34.2,34.61 1 23
github.com/bhagyaraj1208117/andes-crypto-go/signing/ed25519/suite.go:38.51,41.2 2 18
github.com/bhagyaraj1208117/andes-crypto-go/signing/ed25519/suite.go:46.89,48.9 2 0
github.com/bhagyaraj1208117/andes-crypto-go/signing/ed25519/suite.go:48.9,50.3 1 0
github.com/bhagyaraj1208117/andes-crypto-go/signing/ed25519/suite.go:52.2,53.9 2 0
github.com/bhagyaraj1208117/andes-crypto-go/signing/ed25519/suite.go:53.9,55.3 1 0
github.com/bhagyaraj1208117/andes-crypto-go/signing/ed25519/suite.go:57.2,57.38 1 0
github.com/bhagyaraj1208117/andes-crypto-go/signing/ed25519/suite.go:61.40,63.2 1 1
github.com/bhagyaraj1208117/andes-crypto-go/signing/ed25519/suite.go:68.40,70.2 1 1
github.com/bhagyaraj1208117/andes-crypto-go/signing/ed25519/suite.go:73.53,75.16 2 20
github.com/bhagyaraj1208117/andes-crypto-go/signing/ed25519/suite.go:75.16,76.64 1 0
github.com/bhagyaraj1208117/andes-crypto-go/signing/ed25519/suite.go:79.2,79.35 1 20
github.com/bhagyaraj1208117/andes-crypto-go/signing/ed25519/suite.go:83.39,85.2 1 4
github.com/bhagyaraj1208117/andes-crypto-go/signing/ed25519/suite.go:88.57,93.2 2 0
github.com/bhagyaraj1208117/andes-crypto-go/signing/ed25519/suite.go:96.65,97.37 1 3
github.com/bhagyaraj1208117/andes-crypto-go/signing/ed25519/suite.go:97.37,99.3 1 2
github.com/bhagyaraj1208117/andes-crypto-go/signing/ed25519/suite.go:101.2,103.16 3 1
github.com/bhagyaraj1208117/andes-crypto-go/signing/ed25519/suite.go:103.16,105.3 1 0
github.com/bhagyaraj1208117/andes-crypto-go/signing/ed25519/suite.go:107.2,107.12 1 1
github.com/bhagyaraj1208117/andes-crypto-go/signing/ed25519/suite.go:111.53,116.2 2 0
github.com/bhagyaraj1208117/andes-crypto-go/signing/ed25519/suite.go:119.46,121.2 1 1
github.com/bhagyaraj1208117/andes-crypto-go/encryption/x25519/point.go:20.59,21.20 1 9
github.com/bhagyaraj1208117/andes-crypto-go/encryption/x25519/point.go:21.20,23.3 1 1
github.com/bhagyaraj1208117/andes-crypto-go/encryption/x25519/point.go:25.2,26.9 2 8
github.com/bhagyaraj1208117/andes-crypto-go/encryption/x25519/point.go:26.9,28.3 1 1
github.com/bhagyaraj1208117/andes-crypto-go/encryption/x25519/point.go:30.2,30.57 1 7
github.com/bhagyaraj1208117/andes-crypto-go/encryption/x25519/point.go:34.54,36.2 1 0
github.com/bhagyaraj1208117/andes-crypto-go/encryption/x25519/point.go:39.55,41.2 1 4
github.com/bhagyaraj1208117/andes-crypto-go/encryption/x25519/point.go:44.59,47.2 2 1
github.com/bhagyaraj1208117/andes-crypto-go/encryption/x25519/point.go:50.49,51.20 1 5
github.com/bhagyaraj1208117/andes-crypto-go/encryption/x25519/point.go:51.20,53.3 1 1
github.com/bhagyaraj1208117/andes-crypto-go/encryption/x25519/point.go:55.2,56.9 2 4
github.com/bhagyaraj1208117/andes-crypto-go/encryption/x25519/point.go:56.9,58.3 1 0
github.com/bhagyaraj1208117/andes-crypto-go/encryption/x25519/point.go:60.2,61.12 2 4
github.com/bhagyaraj1208117/andes-crypto-go/encryption/x25519/point.go:65.60,67.16 2 4
github.com/bhagyaraj1208117/andes-crypto-go/encryption/x25519/point.go:67.16,69.3 1 0
github.com/bhagyaraj1208117/andes-crypto-go/encryption/x25519/point.go:71.2,72.12 2 4
github.com/bhagyaraj1208117/andes-crypto-go/encryption/x25519/point.go:76.44,81.2 3 2
github.com/bhagyaraj1208117/andes-crypto-go/encryption/x25519/point.go:84.43,89.2 2 0
github.com/bhagyaraj1208117/andes-crypto-go/encryption/x25519/point.go:92.43,97.2 2 0
github.com/bhagyaraj1208117/andes-crypto-go/encryption/x25519/point.go:100.65,105.2 2 0
github.com/bhagyaraj1208117/andes-crypto-go/encryption/x25519/point.go:108.65,113.2 2 0
github.com/bhagyaraj1208117/andes-crypto-go/encryption/x25519/point.go:116.42,121.2 2 0
github.com/bhagyaraj1208117/andes-crypto-go/encryption/x25519/point.go:124.66,129.2 2 0
github.com/bhagyaraj1208117/andes-crypto-go/encryption/x25519/point.go:132.52,137.2 2 0
github.com/bhagyaraj1208117/andes-crypto-go/encryption/x25519/point.go:140.45,142.2 1 11
github.com/bhagyaraj1208117/andes-crypto-go/encryption/x25519/pubKeyEncryptor.go:55.123,60.16 4 1
github.com/bhagyaraj1208117/andes-crypto-go/encryption/x25519/pubKeyEncryptor.go:60.16,62.3 1 0
github.com/bhagyaraj1208117/andes-crypto-go/encryption/x25519/pubKeyEncryptor.go:64.2,65.16 2 1
github.com/bhagyaraj1208117/andes-crypto-go/encryption/x25519/pubKeyEncryptor.go:65.16,67.3 1 0
github.com/bhagyaraj1208117/andes-crypto-go/encryption/x25519/pubKeyEncryptor.go:69.2,70.16 2 1
github.com/bhagyaraj1208117/andes-crypto-go/encryption/x25519/pubKeyEncryptor.go:70.16,72.3 1 0
github.com/bhagyaraj1208117/andes-crypto-go/encryption/x25519/pubKeyEncryptor.go:74.2,75.16 2 1
github.com/bhagyaraj1208117/andes-crypto-go/encryption/x25519/pubKeyEncryptor.go:75.16,77.3 1 0
github.com/bhagyaraj1208117/andes-crypto-go/encryption/x25519/pubKeyEncryptor.go:78.2,79.16 2 1
github.com/bhagyaraj1208117/andes-crypto-go/encryption/x25519/pubKeyEncryptor.go:79.16,81.3 1 0
github.com/bhagyaraj1208117/andes-crypto-go/encryption/x25519/pubKeyEncryptor.go:83.2,84.16 2 1
github.com/bhagyaraj1208117/andes-crypto-go/encryption/x25519/pubKeyEncryptor.go:84.16,86.3 1 0
github.com/bhagyaraj1208117/andes-crypto-go/encryption/x25519/pubKeyEncryptor.go:88.2,97.12 9 1
github.com/bhagyaraj1208117/andes-crypto-go/encryption/x25519/pubKeyEncryptor.go:102.89,104.16 2 5
github.com/bhagyaraj1208117/andes-crypto-go/encryption/x25519/pubKeyEncryptor.go:104.16,106.3 1 0
github.com/bhagyaraj1208117/andes-crypto-go/encryption/x25519/pubKeyEncryptor.go:108.2,109.16 2 5
github.com/bhagyaraj1208117/andes-crypto-go/encryption/x25519/pubKeyEncryptor.go:109.16,111.3 1 0
github.com/bhagyaraj1208117/andes-crypto-go/encryption/x25519/pubKeyEncryptor.go:113.2,114.16 2 5
github.com/bhagyaraj1208117/andes-crypto-go/encryption/x25519/pubKeyEncryptor.go:114.16,116.3 1 2
github.com/bhagyaraj1208117/andes-crypto-go/encryption/x25519/pubKeyEncryptor.go:118.2,118.71 1 3
github.com/bhagyaraj1208117/andes-crypto-go/encryption/x25519/pubKeyEncryptor.go:121.136,127.16 5 3
github.com/bhagyaraj1208117/andes-crypto-go/encryption/x25519/pubKeyEncryptor.go:127.16,129.3 1 0
github.com/bhagyaraj1208117/andes-crypto-go/encryption/x25519/pubKeyEncryptor.go:130.2,134.16 4 3
github.com/bhagyaraj1208117/andes-crypto-go/encryption/x25519/pubKeyEncryptor.go:134.16,136.3 1 0
github.com/bhagyaraj1208117/andes-crypto-go/encryption/x25519/pubKeyEncryptor.go:138.2,139.16 2 3
github.com/bhagyaraj1208117/andes-crypto-go/encryption/x25519/pubKeyEncryptor.go:139.16,141.3 1 0
github.com/bhagyaraj1208117/andes-crypto-go/encryption/x25519/pubKeyEncryptor.go:143.2,145.16 3 3
github.com/bhagyaraj1208117/andes-crypto-go/encryption/x25519/pubKeyEncryptor.go:145.16,147.3 1 0
github.com/bhagyaraj1208117/andes-crypto-go/encryption/x25519/pubKeyEncryptor.go:149.2,155.14 6 3
github.com/bhagyaraj1208117/andes-crypto-go/encryption/x25519/pubKeyEncryptor.go:155.14,157.3 1 1
github.com/bhagyaraj1208117/andes-crypto-go/encryption/x25519/pubKeyEncryptor.go:159.2,159.30 1 2
github.com/bhagyaraj1208117/andes-crypto-go/encryption/x25519/pubKeyEncryptor.go:162.88,164.16 2 1
github.com/bhagyaraj1208117/andes-crypto-go/encryption/x25519/pubKeyEncryptor.go:164.16,166.3 1 0
github.com/bhagyaraj1208117/andes-crypto-go/encryption/x25519/pubKeyEncryptor.go:168.2,170.16 3 1
github.com/bhagyaraj1208117/andes-crypto-go/encryption/x25519/pubKeyEncryptor.go:170.16,172.3 1 0
github.com/bhagyaraj1208117/andes-crypto-go/encryption/x25519/pubKeyEncryptor.go:174.2,174.31 1 1
github.com/bhagyaraj1208117/andes-crypto-go/encryption/x25519/pubKeyEncryptor.go:177.79,180.16 3 1
github.com/bhagyaraj1208117/andes-crypto-go/encryption/x25519/pubKeyEncryptor.go:180.16,182.3 1 0
github.com/bhagyaraj1208117/andes-crypto-go/encryption/x25519/pubKeyEncryptor.go:184.2,186.55 3 1
github.com/bhagyaraj1208117/andes-crypto-go/encryption/x25519/pubKeyEncryptor.go:186.55,188.3 1 0
github.com/bhagyaraj1208117/andes-crypto-go/encryption/x25519/pubKeyEncryptor.go:190.2,192.19 2 1
github.com/bhagyaraj1208117/andes-crypto-go/encryption/x25519/pubKeyEncryptor.go:195.97,198.16 3 1
github.com/bhagyaraj1208117/andes-crypto-go/encryption/x25519/pubKeyEncryptor.go:198.16,200.3 1 0
github.com/bhagyaraj1208117/andes-crypto-go/encryption/x25519/pubKeyEncryptor.go:202.2,204.16 3 1
github.com/bhagyaraj1208117/andes-crypto-go/encryption/x25519/pubKeyEncryptor.go:204.16,206.3 1 0
github.com/bhagyaraj1208117/andes-crypto-go/encryption/x25519/pubKeyEncryptor.go:208.2,208.17 1 1
github.com/bhagyaraj1208117/andes-crypto-go/encryption/x25519/pubKeyEncryptor.go:211.148,213.16 2 1
github.com/bhagyaraj1208117/andes-crypto-go/encryption/x25519/pubKeyEncryptor.go:213.16,215.3 1 0
github.com/bhagyaraj1208117/andes-crypto-go/encryption/x25519/pubKeyEncryptor.go:217.2,218.16 2 1
github.com/bhagyaraj1208117/andes-crypto-go/encryption/x25519/pubKeyEncryptor.go:218.16,220.3 1 0
github.com/bhagyaraj1208117/andes-crypto-go/encryption/x25519/pubKeyEncryptor.go:222.2,224.16 3 1
github.com/bhagyaraj1208117/andes-crypto-go/encryption/x25519/pubKeyEncryptor.go:224.16,226.3 1 0
github.com/bhagyaraj1208117/andes-crypto-go/encryption/x25519/pubKeyEncryptor.go:228.2,235.88 7 1
github.com/bhagyaraj1208117/andes-crypto-go/encryption/x25519/pubKeyEncryptor.go:238.62,240.16 2 5
github.com/bhagyaraj1208117/andes-crypto-go/encryption/x25519/pubKeyEncryptor.go:240.16,242.3 1 0
github.com/bhagyaraj1208117/andes-crypto-go/encryption/x25519/pubKeyEncryptor.go:243.2,244.16 2 5
github.com/bhagyaraj1208117/andes-crypto-go/encryption/x25519/pubKeyEncryptor.go:244.16,246.3 1 0
github.com/bhagyaraj1208117/andes-crypto-go/encryption/x25519/pubKeyEncryptor.go:248.2,250.16 3 5
github.com/bhagyaraj1208117/andes-crypto-go/encryption/x25519/pubKeyEncryptor.go:250.16,252.3 1 0
github.com/bhagyaraj1208117/andes-crypto-go/encryption/x25519/pubKeyEncryptor.go:254.2,257.16 4 5
github.com/bhagyaraj1208117/andes-crypto-go/encryption/x25519/pubKeyEncryptor.go:257.16,259.3 1 0
github.com/bhagyaraj1208117/andes-crypto-go/encryption/x25519/pubKeyEncryptor.go:261.2,263.16 3 5
github.com/bhagyaraj1208117/andes-crypto-go/encryption/x25519/pubKeyEncryptor.go:263.16,265.3 1 2
github.com/bhagyaraj1208117/andes-crypto-go/encryption/x25519/pubKeyEncryptor.go:267.2,267.12 1 3
github.com/bhagyaraj1208117/andes-crypto-go/encryption/x25519/scalar.go:18.50,20.16 2 0
github.com/bhagyaraj1208117/andes-crypto-go/encryption/x25519/scalar.go:20.16,22.3 1 0
github.com/bhagyaraj1208117/andes-crypto-go/encryption/x25519/scalar.go:24.2,24.20 1 0
github.com/bhagyaraj1208117/andes-crypto-go/encryption/x25519/scalar.go:32.61,34.16 2 10
github.com/bhagyaraj1208117/andes-crypto-go/encryption/x25519/scalar.go:34.16,36.3 1 2
github.com/bhagyaraj1208117/andes-crypto-go/encryption/x25519/scalar.go:38.2,38.51 1 8
github.com/bhagyaraj1208117/andes-crypto-go/encryption/x25519/scalar.go:42.51,44.16 2 5
github.com/bhagyaraj1208117/andes-crypto-go/encryption/x25519/scalar.go:44.16,46.3 1 1
github.com/bhagyaraj1208117/andes-crypto-go/encryption/x25519/scalar.go:48.2,50.12 2 4
github.com/bhagyaraj1208117/andes-crypto-go/encryption/x25519/scalar.go:54.61,62.2 5 1
github.com/bhagyaraj1208117/andes-crypto-go/encryption/x25519/scalar.go:65.46,70.2 3 2
github.com/bhagyaraj1208117/andes-crypto-go/encryption/x25519/scalar.go:73.55,75.16 2 14
github.com/bhagyaraj1208117/andes-crypto-go/encryption/x25519/scalar.go:75.16,79.3 2 1
github.com/bhagyaraj1208117/andes-crypto-go/encryption/x25519/scalar.go:81.2,81.21 1 13
github.com/bhagyaraj1208117/andes-crypto-go/encryption/x25519/scalar.go:85.56,87.16 2 3
github.com/bhagyaraj1208117/andes-crypto-go/encryption/x25519/scalar.go:87.16,89.3 1 1
github.com/bhagyaraj1208117/andes-crypto-go/encryption/x25519/scalar.go:91.2,91.26 1 2
github.com/bhagyaraj1208117/andes-crypto-go/encryption/x25519/scalar.go:95.56,97.16 2 3
github.com/bhagyaraj1208117/andes-crypto-go/encryption/x25519/scalar.go:97.16,99.3 1 1
github.com/bhagyaraj1208117/andes-crypto-go/encryption/x25519/scalar.go:101.2,103.12 2 2
github.com/bhagyaraj1208117/andes-crypto-go/encryption/x25519/scalar.go:107.42,110.2 1 0
github.com/bhagyaraj1208117/andes-crypto-go/encryption/x25519/scalar.go:113.45,118.2 2 0
github.com/bhagyaraj1208117/andes-crypto-go/encryption/x25519/scalar.go:121.68,126.2 2 0
github.com/bhagyaraj1208117/andes-crypto-go/encryption/x25519/scalar.go:129.68,134.2 2 0
github.com/bhagyaraj1208117/andes-crypto-go/encryption/x25519/scalar.go:137.44,142.2 2 0
github.com/bhagyaraj1208117/andes-crypto-go/encryption/x25519/scalar.go:145.44,150.2 2 0
github.com/bhagyaraj1208117/andes-crypto-go/encryption/x25519/scalar.go:153.68,158.2 2 0
github.com/bhagyaraj1208117/andes-crypto-go/encryption/x25519/scalar.go:161.68,166.2 2 0
github.com/bhagyaraj1208117/andes-crypto-go/encryption/x25519/scalar.go:169.68,174.2 2 0
github.com/bhagyaraj1208117/andes-crypto-go/encryption/x25519/scalar.go:177.54,182.2 2 0
github.com/bhagyaraj1208117/andes-crypto-go/encryption/x25519/scalar.go:186.66,191.2 2 0
github.com/bhagyaraj1208117/andes-crypto-go/encryption/x25519/scalar.go:194.46,196.2 1 12
github.com/bhagyaraj1208117/andes-crypto-go/encryption/x25519/scalar.go:198.85,199.20 1 15
github.com/bhagyaraj1208117/andes-crypto-go/encryption/x25519/scalar.go:199.20,201.3 1 2
github.com/bhagyaraj1208117/andes-crypto-go/encryption/x25519/scalar.go:203.2,204.9 2 13
github.com/bhagyaraj1208117/andes-crypto-go/encryption/x25519/scalar.go:204.9,206.3 1 1
github.com/bhagyaraj1208117/andes-crypto-go/encryption/x25519/scalar.go:208.2,208.24 1 12
github.com/bhagyaraj1208117/andes-crypto-go/encryption/x25519/scalar.go:211.39,212.39 1 22
github.com/bhagyaraj1208117/andes-crypto-go/encryption/x25519/scalar.go:212.39,214.3 1 4
github.com/bhagyaraj1208117/andes-crypto-go/encryption/x25519/scalar.go:216.2,216.12 1 18
github.com/bhagyaraj1208117/andes-crypto-go/encryption/x25519/suite.go:18.31,20.2 1 31
github.com/bhagyaraj1208117/andes-crypto-go/encryption/x25519/suite.go:25.69,29.47 3 21
github.com/bhagyaraj1208117/andes-crypto-go/encryption/x25519/suite.go:29.47,32.3 2 0
github.com/bhagyaraj1208117/andes-crypto-go/encryption/x25519/suite.go:34.2,35.16 2 21
github.com/bhagyaraj1208117/andes-crypto-go/encryption/x25519/suite.go:35.16,38.3 2 0
github.com/bhagyaraj1208117/andes-crypto-go/encryption/x25519/suite.go:40.2,40.48 1 21
github.com/bhagyaraj1208117/andes-crypto-go/encryption/x25519/suite.go:44.50,47.2 2 17
github.com/bhagyaraj1208117/andes-crypto-go/encryption/x25519/suite.go:52.88,54.9 2 0
github.com/bhagyaraj1208117/andes-crypto-go/encryption/x25519/suite.go:54.9,56.3 1 0
github.com/bhagyaraj1208117/andes-crypto-go/encryption/x25519/suite.go:58.2,59.16 2 0
github.com/bhagyaraj1208117/andes-crypto-go/encryption/x25519/suite.go:59.16,61.3 1 0
github.com/bhagyaraj1208117/andes-crypto-go/encryption/x25519/suite.go:63.2,63.37 1 0
github.com/bhagyaraj1208117/andes-crypto-go/encryption/x25519/suite.go:67.39,69.2 1 1
github.com/bhagyaraj1208117/andes-crypto-go/encryption/x25519/suite.go:72.39,74.2 1 1
github.com/bhagyaraj1208117/andes-crypto-go/encryption/x25519/suite.go:77.52,79.41 2 20
github.com/bhagyaraj1208117/andes-crypto-go/encryption/x25519/suite.go:79.41,82.3 2 0
github.com/bhagyaraj1208117/andes-crypto-go/encryption/x25519/suite.go:84.2,84.26 1 20
github.com/bhagyaraj1208117/andes-crypto-go/encryption/x25519/suite.go:88.38,90.2 1 1
github.com/bhagyaraj1208117/andes-crypto-go/encryption/x25519/suite.go:93.56,98.2 2 0
github.com/bhagyaraj1208117/andes-crypto-go/encryption/x25519/suite.go:101.64,102.37 1 0
github.com/bhagyaraj1208117/andes-crypto-go/encryption/x25519/suite.go:102.37,104.3 1 0
github.com/bhagyaraj1208117/andes-crypto-go/encryption/x25519/suite.go:106.2,107.42 2 0
github.com/bhagyaraj1208117/andes-crypto-go/encryption/x25519/suite.go:111.52,116.2 2 0
github.com/bhagyaraj1208117/andes-crypto-go/encryption/x25519/suite.go:119.45,121.2 1 1
github.com/bhagyaraj1208117/andes-crypto-go/signing/multisig/blsMultisig.go:19.28,20.27 1 26
github.com/bhagyaraj1208117/andes-crypto-go/signing/multisig/blsMultisig.go:20.27,22.3 1 1
github.com/bhagyaraj1208117/andes-crypto-go/signing/multisig/blsMultisig.go:23.2,23.25 1 25
github.com/bhagyaraj1208117/andes-crypto-go/signing/multisig/blsMultisig.go:23.25,25.3 1 1
github.com/bhagyaraj1208117/andes-crypto-go/signing/multisig/blsMultisig.go:26.2,29.8 1 24
github.com/bhagyaraj1208117/andes-crypto-go/signing/multisig/blsMultisig.go:33.105,35.16 2 50
github.com/bhagyaraj1208117/andes-crypto-go/signing/multisig/blsMultisig.go:35.16,37.3 1 0
github.com/bhagyaraj1208117/andes-crypto-go/signing/multisig/blsMultisig.go:39.2,39.52 1 50
github.com/bhagyaraj1208117/andes-crypto-go/signing/multisig/blsMultisig.go:43.101,44.16 1 8
github.com/bhagyaraj1208117/andes-crypto-go/signing/multisig/blsMultisig.go:44.16,46.3 1 2
github.com/bhagyaraj1208117/andes-crypto-go/signing/multisig/blsMultisig.go:48.2,49.16 2 6
github.com/bhagyaraj1208117/andes-crypto-go/signing/multisig/blsMultisig.go:49.16,51.3 1 0
github.com/bhagyaraj1208117/andes-crypto-go/signing/multisig/blsMultisig.go:53.2,53.58 1 6
github.com/bhagyaraj1208117/andes-crypto-go/signing/multisig/blsMultisig.go:57.104,58.44 1 12
github.com/bhagyaraj1208117/andes-crypto-go/signing/multisig/blsMultisig.go:58.44,60.3 1 2
github.com/bhagyaraj1208117/andes-crypto-go/signing/multisig/blsMultisig.go:62.2,63.16 2 10
github.com/bhagyaraj1208117/andes-crypto-go/signing/multisig/blsMultisig.go:63.16,65.3 1 2
github.com/bhagyaraj1208117/andes-crypto-go/signing/multisig/blsMultisig.go:67.2,67.82 1 8
github.com/bhagyaraj1208117/andes-crypto-go/signing/multisig/blsMultisig.go:71.110,73.16 2 6
github.com/bhagyaraj1208117/andes-crypto-go/signing/multisig/blsMultisig.go:73.16,75.3 1 2
github.com/bhagyaraj1208117/andes-crypto-go/signing/multisig/blsMultisig.go:77.2,77.87 1 4
github.com/bhagyaraj1208117/andes-crypto-go/signing/multisig/blsMultisig.go:81.50,83.2 1 2
github.com/bhagyaraj1208117/andes-crypto-go/signing/multisig/converters.go:8.98,9.23 1 19
github.com/bhagyaraj1208117/andes-crypto-go/signing/multisig/converters.go:9.23,11.3 1 1
github.com/bhagyaraj1208117/andes-crypto-go/signing/multisig/converters.go:12.2,13.36 2 18
github.com/bhagyaraj1208117/andes-crypto-go/signing/multisig/converters.go:13.36,15.17 2 45
github.com/bhagyaraj1208117/andes-crypto-go/signing/multisig/converters.go:15.17,17.4 1 5
github.com/bhagyaraj1208117/andes-crypto-go/signing/multisig/converters.go:19.3,19.26 1 40
github.com/bhagyaraj1208117/andes-crypto-go/signing/multisig/converters.go:21.2,21.16 1 13
github.com/bhagyaraj1208117/andes-crypto-go/signing/multisig/converters.go:24.97,25.27 1 54
github.com/bhagyaraj1208117/andes-crypto-go/signing/multisig/converters.go:25.27,27.3 1 6
github.com/bhagyaraj1208117/andes-crypto-go/signing/multisig/converters.go:28.2,28.21 1 48
github.com/bhagyaraj1208117/andes-crypto-go/signing/multisig/converters.go:28.21,30.3 1 1
github.com/bhagyaraj1208117/andes-crypto-go/signing/multisig/converters.go:32.2,32.47 1 47
github.com/bhagyaraj1208117/andes-crypto-go/signing/multisig/converters.go:35.101,36.26 1 53
github.com/bhagyaraj1208117/andes-crypto-go/signing/multisig/converters.go:36.26,38.3 1 1
github.com/bhagyaraj1208117/andes-crypto-go/signing/multisig/converters.go:39.2,39.21 1 52
github.com/bhagyaraj1208117/andes-crypto-go/signing/multisig/converters.go:39.21,41.3 1 1
github.com/bhagyaraj1208117/andes-crypto-go/signing/multisig/converters.go:43.2,43.47 1 51
github.com/bhagyaraj1208117/andes-crypto-go/signing/mcl/singlesig/bls.go:17.38,19.2 1 12
github.com/bhagyaraj1208117/andes-crypto-go/signing/mcl/singlesig/bls.go:22.87,23.26 1 12
github.com/bhagyaraj1208117/andes-crypto-go/signing/mcl/singlesig/bls.go:23.26,25.3 1 1
github.com/bhagyaraj1208117/andes-crypto-go/signing/mcl/singlesig/bls.go:26.2,26.19 1 11
github.com/bhagyaraj1208117/andes-crypto-go/signing/mcl/singlesig/bls.go:26.19,28.3 1 0
github.com/bhagyaraj1208117/andes-crypto-go/signing/mcl/singlesig/bls.go:30.2,31.25 2 11
github.com/bhagyaraj1208117/andes-crypto-go/signing/mcl/singlesig/bls.go:31.25,33.3 1 1
github.com/bhagyaraj1208117/andes-crypto-go/signing/mcl/singlesig/bls.go:35.2,36.41 2 10
github.com/bhagyaraj1208117/andes-crypto-go/signing/mcl/singlesig/bls.go:36.41,38.3 1 1
github.com/bhagyaraj1208117/andes-crypto-go/signing/mcl/singlesig/bls.go:40.2,43.29 3 9
github.com/bhagyaraj1208117/andes-crypto-go/signing/mcl/singlesig/bls.go:47.89,48.25 1 9
github.com/bhagyaraj1208117/andes-crypto-go/signing/mcl/singlesig/bls.go:48.25,50.3 1 1
github.com/bhagyaraj1208117/andes-crypto-go/signing/mcl/singlesig/bls.go:51.2,51.19 1 8
github.com/bhagyaraj1208117/andes-crypto-go/signing/mcl/singlesig/bls.go:51.19,53.3 1 1
github.com/bhagyaraj1208117/andes-crypto-go/signing/mcl/singlesig/bls.go:54.2,54.19 1 7
github.com/bhagyaraj1208117/andes-crypto-go/signing/mcl/singlesig/bls.go:54.19,56.3 1 1
github.com/bhagyaraj1208117/andes-crypto-go/signing/mcl/singlesig/bls.go:58.2,59.24 2 6
github.com/bhagyaraj1208117/andes-crypto-go/signing/mcl/singlesig/bls.go:59.24,61.3 1 1
github.com/bhagyaraj1208117/andes-crypto-go/signing/mcl/singlesig/bls.go:63.2,64.50 2 5
github.com/bhagyaraj1208117/andes-crypto-go/signing/mcl/singlesig/bls.go:64.50,66.3 1 1
github.com/bhagyaraj1208117/andes-crypto-go/signing/mcl/singlesig/bls.go:68.2,72.16 4 4
github.com/bhagyaraj1208117/andes-crypto-go/signing/mcl/singlesig/bls.go:72.16,74.3 1 0
github.com/bhagyaraj1208117/andes-crypto-go/signing/mcl/singlesig/bls.go:76.2,76.33 1 4
github.com/bhagyaraj1208117/andes-crypto-go/signing/mcl/singlesig/bls.go:76.33,78.3 1 0
github.com/bhagyaraj1208117/andes-crypto-go/signing/mcl/singlesig/bls.go:80.2,80.46 1 4
github.com/bhagyaraj1208117/andes-crypto-go/signing/mcl/singlesig/bls.go:80.46,82.3 1 3
github.com/bhagyaraj1208117/andes-crypto-go/signing/mcl/singlesig/bls.go:84.2,84.30 1 1
github.com/bhagyaraj1208117/andes-crypto-go/signing/mcl/singlesig/bls.go:88.56,90.2 1 4
github.com/bhagyaraj1208117/andes-crypto-go/signing/mcl/singlesig/bls.go:93.42,96.2 2 4
github.com/bhagyaraj1208117/andes-crypto-go/signing/mcl/singlesig/bls.go:99.48,101.2 1 9
github.com/bhagyaraj1208117/andes-crypto-go/signing/mcl/singlesig/bls.go:104.49,106.2 1 2
github.com/bhagyaraj1208117/andes-crypto-go/signing/mcl/g1.go:12.36,14.2 1 1
github.com/bhagyaraj1208117/andes-crypto-go/signing/mcl/g1.go:17.36,19.2 1 1
github.com/bhagyaraj1208117/andes-crypto-go/signing/mcl/g1.go:22.49,24.2 1 5
github.com/bhagyaraj1208117/andes-crypto-go/signing/mcl/g1.go:27.35,29.2 1 1
github.com/bhagyaraj1208117/andes-crypto-go/signing/mcl/g1.go:32.47,34.2 1 1
github.com/bhagyaraj1208117/andes-crypto-go/signing/mcl/g1.go:37.76,42.16 5 7
github.com/bhagyaraj1208117/andes-crypto-go/signing/mcl/g1.go:42.16,44.3 1 1
github.com/bhagyaraj1208117/andes-crypto-go/signing/mcl/g1.go:45.2,45.10 1 7
github.com/bhagyaraj1208117/andes-crypto-go/signing/mcl/g1.go:49.42,51.2 1 2
github.com/bhagyaraj1208117/andes-crypto-go/signing/mcl/g2.go:12.36,14.2 1 1
github.com/bhagyaraj1208117/andes-crypto-go/signing/mcl/g2.go:17.36,19.2 1 2
github.com/bhagyaraj1208117/andes-crypto-go/signing/mcl/g2.go:22.49,24.2 1 58
github.com/bhagyaraj1208117/andes-crypto-go/signing/mcl/g2.go:27.35,29.2 1 8
github.com/bhagyaraj1208117/andes-crypto-go/signing/mcl/g2.go:32.47,34.2 1 7
github.com/bhagyaraj1208117/andes-crypto-go/signing/mcl/g2.go:37.76,42.16 5 9
github.com/bhagyaraj1208117/andes-crypto-go/signing/mcl/g2.go:42.16,44.3 1 0
github.com/bhagyaraj1208117/andes-crypto-go/signing/mcl/g2.go:45.2,45.10 1 9
github.com/bhagyaraj1208117/andes-crypto-go/signing/mcl/g2.go:49.42,51.2 1 2
github.com/bhagyaraj1208117/andes-crypto-go/signing/mcl/gt.go:12.36,14.2 1 1
github.com/bhagyaraj1208117/andes-crypto-go/signing/mcl/gt.go:17.36,19.2 1 1
github.com/bhagyaraj1208117/andes-crypto-go/signing/mcl/gt.go:22.49,24.2 1 2
github.com/bhagyaraj1208117/andes-crypto-go/signing/mcl/gt.go:27.35,29.2 1 1
github.com/bhagyaraj1208117/andes-crypto-go/signing/mcl/gt.go:32.47,34.2 1 1
github.com/bhagyaraj1208117/andes-crypto-go/signing/mcl/gt.go:37.71,38.24 1 1
github.com/bhagyaraj1208117/andes-crypto-go/signing/mcl/gt.go:42.42,44.2 1 2
github.com/bhagyaraj1208117/andes-crypto-go/signing/mcl/pointG1.go:17.28,24.16 4 42
github.com/bhagyaraj1208117/andes-crypto-go/signing/mcl/pointG1.go:24.16,25.21 1 0
github.com/bhagyaraj1208117/andes-crypto-go/signing/mcl/pointG1.go:28.2,28.14 1 42
github.com/bhagyaraj1208117/andes-crypto-go/signing/mcl/pointG1.go:33.56,34.14 1 12
github.com/bhagyaraj1208117/andes-crypto-go/signing/mcl/pointG1.go:34.14,36.3 1 0
github.com/bhagyaraj1208117/andes-crypto-go/signing/mcl/pointG1.go:38.2,39.9 2 12
github.com/bhagyaraj1208117/andes-crypto-go/signing/mcl/pointG1.go:39.9,41.3 1 0
github.com/bhagyaraj1208117/andes-crypto-go/signing/mcl/pointG1.go:43.2,43.35 1 12
github.com/bhagyaraj1208117/andes-crypto-go/signing/mcl/pointG1.go:47.41,54.16 4 2
github.com/bhagyaraj1208117/andes-crypto-go/signing/mcl/pointG1.go:54.16,56.3 1 0
github.com/bhagyaraj1208117/andes-crypto-go/signing/mcl/pointG1.go:58.2,58.13 1 1
github.com/bhagyaraj1208117/andes-crypto-go/signing/mcl/pointG1.go:62.40,70.2 3 1
github.com/bhagyaraj1208117/andes-crypto-go/signing/mcl/pointG1.go:73.46,74.20 1 1
github.com/bhagyaraj1208117/andes-crypto-go/signing/mcl/pointG1.go:74.20,76.3 1 0
github.com/bhagyaraj1208117/andes-crypto-go/signing/mcl/pointG1.go:78.2,79.9 2 1
github.com/bhagyaraj1208117/andes-crypto-go/signing/mcl/pointG1.go:79.9,81.3 1 0
github.com/bhagyaraj1208117/andes-crypto-go/signing/mcl/pointG1.go:83.2,84.35 2 1
github.com/bhagyaraj1208117/andes-crypto-go/signing/mcl/pointG1.go:89.62,90.20 1 4
github.com/bhagyaraj1208117/andes-crypto-go/signing/mcl/pointG1.go:90.20,92.3 1 1
github.com/bhagyaraj1208117/andes-crypto-go/signing/mcl/pointG1.go:94.2,95.9 2 3
github.com/bhagyaraj1208117/andes-crypto-go/signing/mcl/pointG1.go:95.9,97.3 1 1
github.com/bhagyaraj1208117/andes-crypto-go/signing/mcl/pointG1.go:99.2,106.18 4 2
github.com/bhagyaraj1208117/andes-crypto-go/signing/mcl/pointG1.go:111.62,112.20 1 4
github.com/bhagyaraj1208117/andes-crypto-go/signing/mcl/pointG1.go:112.20,114.3 1 1
github.com/bhagyaraj1208117/andes-crypto-go/signing/mcl/pointG1.go:116.2,117.9 2 3
github.com/bhagyaraj1208117/andes-crypto-go/signing/mcl/pointG1.go:117.9,119.3 1 1
github.com/bhagyaraj1208117/andes-crypto-go/signing/mcl/pointG1.go:121.2,128.18 4 2
github.com/bhagyaraj1208117/andes-crypto-go/signing/mcl/pointG1.go:132.39,140.2 3 2
github.com/bhagyaraj1208117/andes-crypto-go/signing/mcl/pointG1.go:143.63,144.20 1 10
github.com/bhagyaraj1208117/andes-crypto-go/signing/mcl/pointG1.go:144.20,146.3 1 2
github.com/bhagyaraj1208117/andes-crypto-go/signing/mcl/pointG1.go:148.2,153.9 3 8
github.com/bhagyaraj1208117/andes-crypto-go/signing/mcl/pointG1.go:153.9,155.3 1 1
github.com/bhagyaraj1208117/andes-crypto-go/signing/mcl/pointG1.go:157.2,160.18 3 7
github.com/bhagyaraj1208117/andes-crypto-go/signing/mcl/pointG1.go:164.49,176.2 6 14
github.com/bhagyaraj1208117/andes-crypto-go/signing/mcl/pointG1.go:179.51,181.2 1 6
github.com/bhagyaraj1208117/andes-crypto-go/signing/mcl/pointG1.go:184.52,186.2 1 2
github.com/bhagyaraj1208117/andes-crypto-go/signing/mcl/pointG1.go:189.56,191.2 1 1
github.com/bhagyaraj1208117/andes-crypto-go/signing/mcl/pointG1.go:194.42,196.2 1 7
github.com/bhagyaraj1208117/andes-crypto-go/signing/mcl/pointG2.go:17.28,24.16 4 50
github.com/bhagyaraj1208117/andes-crypto-go/signing/mcl/pointG2.go:24.16,25.21 1 0
github.com/bhagyaraj1208117/andes-crypto-go/signing/mcl/pointG2.go:28.2,28.14 1 50
github.com/bhagyaraj1208117/andes-crypto-go/signing/mcl/pointG2.go:33.56,34.20 1 12
github.com/bhagyaraj1208117/andes-crypto-go/signing/mcl/pointG2.go:34.20,36.3 1 0
github.com/bhagyaraj1208117/andes-crypto-go/signing/mcl/pointG2.go:38.2,39.9 2 12
github.com/bhagyaraj1208117/andes-crypto-go/signing/mcl/pointG2.go:39.9,41.3 1 0
github.com/bhagyaraj1208117/andes-crypto-go/signing/mcl/pointG2.go:43.2,43.35 1 12
github.com/bhagyaraj1208117/andes-crypto-go/signing/mcl/pointG2.go:47.41,54.16 4 2
github.com/bhagyaraj1208117/andes-crypto-go/signing/mcl/pointG2.go:54.16,56.3 1 0
github.com/bhagyaraj1208117/andes-crypto-go/signing/mcl/pointG2.go:58.2,58.13 1 1
github.com/bhagyaraj1208117/andes-crypto-go/signing/mcl/pointG2.go:62.40,70.2 3 1
github.com/bhagyaraj1208117/andes-crypto-go/signing/mcl/pointG2.go:73.46,74.20 1 1
github.com/bhagyaraj1208117/andes-crypto-go/signing/mcl/pointG2.go:74.20,76.3 1 0
github.com/bhagyaraj1208117/andes-crypto-go/signing/mcl/pointG2.go:78.2,79.9 2 1
github.com/bhagyaraj1208117/andes-crypto-go/signing/mcl/pointG2.go:79.9,81.3 1 0
github.com/bhagyaraj1208117/andes-crypto-go/signing/mcl/pointG2.go:83.2,84.35 2 1
github.com/bhagyaraj1208117/andes-crypto-go/signing/mcl/pointG2.go:89.62,90.20 1 4
github.com/bhagyaraj1208117/andes-crypto-go/signing/mcl/pointG2.go:90.20,92.3 1 1
github.com/bhagyaraj1208117/andes-crypto-go/signing/mcl/pointG2.go:94.2,95.9 2 3
github.com/bhagyaraj1208117/andes-crypto-go/signing/mcl/pointG2.go:95.9,97.3 1 1
github.com/bhagyaraj1208117/andes-crypto-go/signing/mcl/pointG2.go:99.2,106.18 4 2
github.com/bhagyaraj1208117/andes-crypto-go/signing/mcl/pointG2.go:111.62,112.20 1 4
github.com/bhagyaraj1208117/andes-crypto-go/signing/mcl/pointG2.go:112.20,114.3 1 1
github.com/bhagyaraj1208117/andes-crypto-go/signing/mcl/pointG2.go:116.2,117.9 2 3
github.com/bhagyaraj1208117/andes-crypto-go/signing/mcl/pointG2.go:117.9,119.3 1 1
github.com/bhagyaraj1208117/andes-crypto-go/signing/mcl/pointG2.go:121.2,128.18 4 2
github.com/bhagyaraj1208117/andes-crypto-go/signing/mcl/pointG2.go:132.39,140.2 3 2
github.com/bhagyaraj1208117/andes-crypto-go/signing/mcl/pointG2.go:143.63,144.20 1 12
github.com/bhagyaraj1208117/andes-crypto-go/signing/mcl/pointG2.go:144.20,146.3 1 1
github.com/bhagyaraj1208117/andes-crypto-go/signing/mcl/pointG2.go:148.2,153.9 3 11
github.com/bhagyaraj1208117/andes-crypto-go/signing/mcl/pointG2.go:153.9,155.3 1 1
github.com/bhagyaraj1208117/andes-crypto-go/signing/mcl/pointG2.go:157.2,160.18 3 10
github.com/bhagyaraj1208117/andes-crypto-go/signing/mcl/pointG2.go:164.49,176.2 6 14
github.com/bhagyaraj1208117/andes-crypto-go/signing/mcl/pointG2.go:179.51,181.2 1 10
github.com/bhagyaraj1208117/andes-crypto-go/signing/mcl/pointG2.go:184.52,186.2 1 2
github.com/bhagyaraj1208117/andes-crypto-go/signing/mcl/pointG2.go:189.56,191.2 1 5
github.com/bhagyaraj1208117/andes-crypto-go/signing/mcl/pointG2.go:194.42,196.2 1 19
github.com/bhagyaraj1208117/andes-crypto-go/signing/mcl/pointGT.go:15.28,21.2 2 25
github.com/bhagyaraj1208117/andes-crypto-go/signing/mcl/pointGT.go:25.56,26.20 1 10
github.com/bhagyaraj1208117/andes-crypto-go/signing/mcl/pointGT.go:26.20,28.3 1 0
github.com/bhagyaraj1208117/andes-crypto-go/signing/mcl/pointGT.go:30.2,31.9 2 10
github.com/bhagyaraj1208117/andes-crypto-go/signing/mcl/pointGT.go:31.9,33.3 1 0
github.com/bhagyaraj1208117/andes-crypto-go/signing/mcl/pointGT.go:35.2,35.35 1 10
github.com/bhagyaraj1208117/andes-crypto-go/signing/mcl/pointGT.go:39.41,46.16 4 3
github.com/bhagyaraj1208117/andes-crypto-go/signing/mcl/pointGT.go:46.16,48.3 1 0
github.com/bhagyaraj1208117/andes-crypto-go/signing/mcl/pointGT.go:50.2,50.13 1 2
github.com/bhagyaraj1208117/andes-crypto-go/signing/mcl/pointGT.go:54.40,59.2 3 1
github.com/bhagyaraj1208117/andes-crypto-go/signing/mcl/pointGT.go:62.46,63.20 1 1
github.com/bhagyaraj1208117/andes-crypto-go/signing/mcl/pointGT.go:63.20,65.3 1 0
github.com/bhagyaraj1208117/andes-crypto-go/signing/mcl/pointGT.go:67.2,68.9 2 1
github.com/bhagyaraj1208117/andes-crypto-go/signing/mcl/pointGT.go:68.9,70.3 1 0
github.com/bhagyaraj1208117/andes-crypto-go/signing/mcl/pointGT.go:72.2,75.12 3 1
github.com/bhagyaraj1208117/andes-crypto-go/signing/mcl/pointGT.go:80.62,81.20 1 4
github.com/bhagyaraj1208117/andes-crypto-go/signing/mcl/pointGT.go:81.20,83.3 1 1
github.com/bhagyaraj1208117/andes-crypto-go/signing/mcl/pointGT.go:85.2,86.9 2 3
github.com/bhagyaraj1208117/andes-crypto-go/signing/mcl/pointGT.go:86.9,88.3 1 1
github.com/bhagyaraj1208117/andes-crypto-go/signing/mcl/pointGT.go:90.2,96.18 3 2
github.com/bhagyaraj1208117/andes-crypto-go/signing/mcl/pointGT.go:101.62,102.20 1 4
github.com/bhagyaraj1208117/andes-crypto-go/signing/mcl/pointGT.go:102.20,104.3 1 1
github.com/bhagyaraj1208117/andes-crypto-go/signing/mcl/pointGT.go:106.2,107.9 2 3
github.com/bhagyaraj1208117/andes-crypto-go/signing/mcl/pointGT.go:107.9,109.3 1 1
github.com/bhagyaraj1208117/andes-crypto-go/signing/mcl/pointGT.go:111.2,117.18 3 2
github.com/bhagyaraj1208117/andes-crypto-go/signing/mcl/pointGT.go:121.39,129.2 3 2
github.com/bhagyaraj1208117/andes-crypto-go/signing/mcl/pointGT.go:132.63,133.20 1 3
github.com/bhagyaraj1208117/andes-crypto-go/signing/mcl/pointGT.go:133.20,135.3 1 1
github.com/bhagyaraj1208117/andes-crypto-go/signing/mcl/pointGT.go:137.2,142.9 3 2
github.com/bhagyaraj1208117/andes-crypto-go/signing/mcl/pointGT.go:142.9,144.3 1 1
github.com/bhagyaraj1208117/andes-crypto-go/signing/mcl/pointGT.go:146.2,148.18 2 1
github.com/bhagyaraj1208117/andes-crypto-go/signing/mcl/pointGT.go:152.49,157.16 4 8
github.com/bhagyaraj1208117/andes-crypto-go/signing/mcl/pointGT.go:157.16,159.3 1 0
github.com/bhagyaraj1208117/andes-crypto-go/signing/mcl/pointGT.go:161.2,162.16 2 8
github.com/bhagyaraj1208117/andes-crypto-go/signing/mcl/pointGT.go:162.16,164.3 1 0
github.com/bhagyaraj1208117/andes-crypto-go/signing/mcl/pointGT.go:166.2,175.18 5 8
github.com/bhagyaraj1208117/andes-crypto-go/signing/mcl/pointGT.go:179.51,181.2 1 3
github.com/bhagyaraj1208117/andes-crypto-go/signing/mcl/pointGT.go:184.52,186.2 1 2
github.com/bhagyaraj1208117/andes-crypto-go/signing/mcl/pointGT.go:189.56,191.2 1 1
github.com/bhagyaraj1208117/andes-crypto-go/signing/mcl/pointGT.go:194.42,196.2 1 17
github.com/bhagyaraj1208117/andes-crypto-go/signing/mcl/scalar.go:19.26,22.54 3 70
github.com/bhagyaraj1208117/andes-crypto-go/signing/mcl/scalar.go:22.54,24.3 1 0
github.com/bhagyaraj1208117/andes-crypto-go/signing/mcl/scalar.go:26.2,26.15 1 70
github.com/bhagyaraj1208117/andes-crypto-go/signing/mcl/scalar.go:31.56,32.20 1 19
github.com/bhagyaraj1208117/andes-crypto-go/signing/mcl/scalar.go:32.20,34.3 1 1
github.com/bhagyaraj1208117/andes-crypto-go/signing/mcl/scalar.go:36.2,37.9 2 18
github.com/bhagyaraj1208117/andes-crypto-go/signing/mcl/scalar.go:37.9,39.3 1 1
github.com/bhagyaraj1208117/andes-crypto-go/signing/mcl/scalar.go:41.2,43.22 2 17
github.com/bhagyaraj1208117/andes-crypto-go/signing/mcl/scalar.go:47.46,48.20 1 3
github.com/bhagyaraj1208117/andes-crypto-go/signing/mcl/scalar.go:48.20,50.3 1 1
github.com/bhagyaraj1208117/andes-crypto-go/signing/mcl/scalar.go:52.2,53.9 2 2
github.com/bhagyaraj1208117/andes-crypto-go/signing/mcl/scalar.go:53.9,55.3 1 1
github.com/bhagyaraj1208117/andes-crypto-go/signing/mcl/scalar.go:57.2,57.53 1 1
github.com/bhagyaraj1208117/andes-crypto-go/signing/mcl/scalar.go:61.41,67.16 3 2
github.com/bhagyaraj1208117/andes-crypto-go/signing/mcl/scalar.go:67.16,69.3 1 0
github.com/bhagyaraj1208117/andes-crypto-go/signing/mcl/scalar.go:71.2,71.11 1 2
github.com/bhagyaraj1208117/andes-crypto-go/signing/mcl/scalar.go:75.37,77.2 1 19
github.com/bhagyaraj1208117/andes-crypto-go/signing/mcl/scalar.go:80.40,87.2 3 10
github.com/bhagyaraj1208117/andes-crypto-go/signing/mcl/scalar.go:90.63,91.20 1 3
github.com/bhagyaraj1208117/andes-crypto-go/signing/mcl/scalar.go:91.20,93.3 1 1
github.com/bhagyaraj1208117/andes-crypto-go/signing/mcl/scalar.go:95.2,96.9 2 2
github.com/bhagyaraj1208117/andes-crypto-go/signing/mcl/scalar.go:96.9,98.3 1 1
github.com/bhagyaraj1208117/andes-crypto-go/signing/mcl/scalar.go:100.2,107.17 4 1
github.com/bhagyaraj1208117/andes-crypto-go/signing/mcl/scalar.go:111.63,112.20 1 4
github.com/bhagyaraj1208117/andes-crypto-go/signing/mcl/scalar.go:112.20,114.3 1 1
github.com/bhagyaraj1208117/andes-crypto-go/signing/mcl/scalar.go:116.2,117.9 2 3
github.com/bhagyaraj1208117/andes-crypto-go/signing/mcl/scalar.go:117.9,119.3 1 1
github.com/bhagyaraj1208117/andes-crypto-go/signing/mcl/scalar.go:121.2,128.17 4 2
github.com/bhagyaraj1208117/andes-crypto-go/signing/mcl/scalar.go:132.39,140.2 3 1
github.com/bhagyaraj1208117/andes-crypto-go/signing/mcl/scalar.go:143.39,151.2 3 21
github.com/bhagyaraj1208117/andes-crypto-go/signing/mcl/scalar.go:154.63,155.20 1 3
github.com/bhagyaraj1208117/andes-crypto-go/signing/mcl/scalar.go:155.20,157.3 1 1
github.com/bhagyaraj1208117/andes-crypto-go/signing/mcl/scalar.go:159.2,160.9 2 2
github.com/bhagyaraj1208117/andes-crypto-go/signing/mcl/scalar.go:160.9,162.3 1 1
github.com/bhagyaraj1208117/andes-crypto-go/signing/mcl/scalar.go:164.2,171.17 4 1
github.com/bhagyaraj1208117/andes-crypto-go/signing/mcl/scalar.go:175.63,176.20 1 3
github.com/bhagyaraj1208117/andes-crypto-go/signing/mcl/scalar.go:176.20,178.3 1 1
github.com/bhagyaraj1208117/andes-crypto-go/signing/mcl/scalar.go:180.2,181.9 2 2
github.com/bhagyaraj1208117/andes-crypto-go/signing/mcl/scalar.go:181.9,183.3 1 1
github.com/bhagyaraj1208117/andes-crypto-go/signing/mcl/scalar.go:185.2,192.17 4 1
github.com/bhagyaraj1208117/andes-crypto-go/signing/mcl/scalar.go:196.63,197.20 1 4
github.com/bhagyaraj1208117/andes-crypto-go/signing/mcl/scalar.go:197.20,199.3 1 1
github.com/bhagyaraj1208117/andes-crypto-go/signing/mcl/scalar.go:201.2,202.9 2 3
github.com/bhagyaraj1208117/andes-crypto-go/signing/mcl/scalar.go:202.9,204.3 1 1
github.com/bhagyaraj1208117/andes-crypto-go/signing/mcl/scalar.go:206.2,213.17 4 2
github.com/bhagyaraj1208117/andes-crypto-go/signing/mcl/scalar.go:217.49,224.46 3 7
github.com/bhagyaraj1208117/andes-crypto-go/signing/mcl/scalar.go:224.46,226.3 1 0
github.com/bhagyaraj1208117/andes-crypto-go/signing/mcl/scalar.go:228.2,228.17 1 7
github.com/bhagyaraj1208117/andes-crypto-go/signing/mcl/scalar.go:233.61,234.17 1 2
github.com/bhagyaraj1208117/andes-crypto-go/signing/mcl/scalar.go:234.17,236.3 1 1
github.com/bhagyaraj1208117/andes-crypto-go/signing/mcl/scalar.go:238.2,240.9 3 1
github.com/bhagyaraj1208117/andes-crypto-go/signing/mcl/scalar.go:240.9,242.3 1 0
github.com/bhagyaraj1208117/andes-crypto-go/signing/mcl/scalar.go:244.2,245.16 2 1
github.com/bhagyaraj1208117/andes-crypto-go/signing/mcl/scalar.go:245.16,247.3 1 0
github.com/bhagyaraj1208117/andes-crypto-go/signing/mcl/scalar.go:249.2,249.16 1 1
github.com/bhagyaraj1208117/andes-crypto-go/signing/mcl/scalar.go:253.50,255.2 1 13
github.com/bhagyaraj1208117/andes-crypto-go/signing/mcl/scalar.go:258.51,260.2 1 3
github.com/bhagyaraj1208117/andes-crypto-go/signing/mcl/scalar.go:263.51,265.2 1 1
github.com/bhagyaraj1208117/andes-crypto-go/signing/mcl/scalar.go:268.41,270.2 1 44
github.com/bhagyaraj1208117/andes-crypto-go/signing/mcl/suiteBLS12_381.go:41.16,42.48 1 1
github.com/bhagyaraj1208117/andes-crypto-go/signing/mcl/suiteBLS12_381.go:42.48,43.69 1 0
github.com/bhagyaraj1208117/andes-crypto-go/signing/mcl/suiteBLS12_381.go:46.2,49.35 4 1
github.com/bhagyaraj1208117/andes-crypto-go/signing/mcl/suiteBLS12_381.go:52.13,54.2 1 1
github.com/bhagyaraj1208117/andes-crypto-go/signing/mcl/suiteBLS12_381.go:57.34,64.2 1 50
github.com/bhagyaraj1208117/andes-crypto-go/signing/mcl/suiteBLS12_381.go:68.51,71.2 1 1
github.com/bhagyaraj1208117/andes-crypto-go/signing/mcl/suiteBLS12_381.go:74.49,76.2 1 2
github.com/bhagyaraj1208117/andes-crypto-go/signing/mcl/suiteBLS12_381.go:79.38,81.2 1 1
github.com/bhagyaraj1208117/andes-crypto-go/signing/mcl/suiteBLS12_381.go:84.38,86.2 1 1
github.com/bhagyaraj1208117/andes-crypto-go/signing/mcl/suiteBLS12_381.go:89.51,91.2 1 51
github.com/bhagyaraj1208117/andes-crypto-go/signing/mcl/suiteBLS12_381.go:94.87,95.25 1 1
github.com/bhagyaraj1208117/andes-crypto-go/signing/mcl/suiteBLS12_381.go:95.25,97.3 1 0
github.com/bhagyaraj1208117/andes-crypto-go/signing/mcl/suiteBLS12_381.go:98.2,99.9 2 1
github.com/bhagyaraj1208117/andes-crypto-go/signing/mcl/suiteBLS12_381.go:99.9,101.3 1 0
github.com/bhagyaraj1208117/andes-crypto-go/signing/mcl/suiteBLS12_381.go:103.2,103.34 1 1
github.com/bhagyaraj1208117/andes-crypto-go/signing/mcl/suiteBLS12_381.go:103.34,105.3 1 0
github.com/bhagyaraj1208117/andes-crypto-go/signing/mcl/suiteBLS12_381.go:107.2,109.19 2 1
github.com/bhagyaraj1208117/andes-crypto-go/signing/mcl/suiteBLS12_381.go:113.37,115.2 1 7
github.com/bhagyaraj1208117/andes-crypto-go/signing/mcl/suiteBLS12_381.go:119.68,125.16 5 2
github.com/bhagyaraj1208117/andes-crypto-go/signing/mcl/suiteBLS12_381.go:125.16,128.3 2 0
github.com/bhagyaraj1208117/andes-crypto-go/signing/mcl/suiteBLS12_381.go:130.2,132.14 2 2
github.com/bhagyaraj1208117/andes-crypto-go/signing/mcl/suiteBLS12_381.go:136.55,138.2 1 1
github.com/bhagyaraj1208117/andes-crypto-go/signing/mcl/suiteBLS12_381.go:141.63,142.37 1 6
github.com/bhagyaraj1208117/andes-crypto-go/signing/mcl/suiteBLS12_381.go:142.37,144.3 1 2
github.com/bhagyaraj1208117/andes-crypto-go/signing/mcl/suiteBLS12_381.go:146.2,148.16 3 4
github.com/bhagyaraj1208117/andes-crypto-go/signing/mcl/suiteBLS12_381.go:148.16,150.3 1 2
github.com/bhagyaraj1208117/andes-crypto-go/signing/mcl/suiteBLS12_381.go:152.2,153.66 2 2
github.com/bhagyaraj1208117/andes-crypto-go/signing/mcl/suiteBLS12_381.go:153.66,155.3 1 1
github.com/bhagyaraj1208117/andes-crypto-go/signing/mcl/suiteBLS12_381.go:157.2,157.12 1 1
github.com/bhagyaraj1208117/andes-crypto-go/signing/mcl/suiteBLS12_381.go:161.44,163.2 1 2
github.com/bhagyaraj1208117/andes-crypto-go/signing/mcl/suiteBLS12_381.go:166.22,168.2 1 44
github.com/bhagyaraj1208117/andes-crypto-go/signing/mcl/suiteBLS12_381.go:171.22,173.2 1 52
github.com/bhagyaraj1208117/andes-crypto-go/signing/mcl/multisig/bls.go:39.97,41.2 1 614
github.com/bhagyaraj1208117/andes-crypto-go/signing/mcl/multisig/bls.go:44.102,46.2 1 6
github.com/bhagyaraj1208117/andes-crypto-go/signing/mcl/multisig/bls.go:50.77,51.19 1 3
github.com/bhagyaraj1208117/andes-crypto-go/signing/mcl/multisig/bls.go:51.19,53.3 1 1
github.com/bhagyaraj1208117/andes-crypto-go/signing/mcl/multisig/bls.go:55.2,57.12 2 2
github.com/bhagyaraj1208117/andes-crypto-go/signing/mcl/multisig/bls.go:65.19,66.24 1 14
github.com/bhagyaraj1208117/andes-crypto-go/signing/mcl/multisig/bls.go:66.24,68.3 1 1
github.com/bhagyaraj1208117/andes-crypto-go/signing/mcl/multisig/bls.go:69.2,69.26 1 13
github.com/bhagyaraj1208117/andes-crypto-go/signing/mcl/multisig/bls.go:69.26,71.3 1 1
github.com/bhagyaraj1208117/andes-crypto-go/signing/mcl/multisig/bls.go:72.2,72.30 1 12
github.com/bhagyaraj1208117/andes-crypto-go/signing/mcl/multisig/bls.go:72.30,74.3 1 1
github.com/bhagyaraj1208117/andes-crypto-go/signing/mcl/multisig/bls.go:75.2,76.9 2 11
github.com/bhagyaraj1208117/andes-crypto-go/signing/mcl/multisig/bls.go:76.9,78.3 1 1
github.com/bhagyaraj1208117/andes-crypto-go/signing/mcl/multisig/bls.go:80.2,81.16 2 10
github.com/bhagyaraj1208117/andes-crypto-go/signing/mcl/multisig/bls.go:81.16,83.3 1 2
github.com/bhagyaraj1208117/andes-crypto-go/signing/mcl/multisig/bls.go:85.2,88.35 3 8
github.com/bhagyaraj1208117/andes-crypto-go/signing/mcl/multisig/bls.go:97.9,98.24 1 9
github.com/bhagyaraj1208117/andes-crypto-go/signing/mcl/multisig/bls.go:98.24,100.3 1 1
github.com/bhagyaraj1208117/andes-crypto-go/signing/mcl/multisig/bls.go:101.2,101.23 1 8
github.com/bhagyaraj1208117/andes-crypto-go/signing/mcl/multisig/bls.go:101.23,103.3 1 1
github.com/bhagyaraj1208117/andes-crypto-go/signing/mcl/multisig/bls.go:104.2,104.27 1 7
github.com/bhagyaraj1208117/andes-crypto-go/signing/mcl/multisig/bls.go:104.27,106.3 1 1
github.com/bhagyaraj1208117/andes-crypto-go/signing/mcl/multisig/bls.go:107.2,107.19 1 6
github.com/bhagyaraj1208117/andes-crypto-go/signing/mcl/multisig/bls.go:107.19,109.3 1 1
github.com/bhagyaraj1208117/andes-crypto-go/signing/mcl/multisig/bls.go:111.2,112.9 2 5
github.com/bhagyaraj1208117/andes-crypto-go/signing/mcl/multisig/bls.go:112.9,114.3 1 1
github.com/bhagyaraj1208117/andes-crypto-go/signing/mcl/multisig/bls.go:116.2,117.16 2 4
github.com/bhagyaraj1208117/andes-crypto-go/signing/mcl/multisig/bls.go:117.16,119.3 1 1
github.com/bhagyaraj1208117/andes-crypto-go/signing/mcl/multisig/bls.go:121.2,123.16 3 3
github.com/bhagyaraj1208117/andes-crypto-go/signing/mcl/multisig/bls.go:123.16,125.3 1 1
github.com/bhagyaraj1208117/andes-crypto-go/signing/mcl/multisig/bls.go:127.2,128.10 2 2
github.com/bhagyaraj1208117/andes-crypto-go/signing/mcl/multisig/bls.go:128.10,130.3 1 1
github.com/bhagyaraj1208117/andes-crypto-go/signing/mcl/multisig/bls.go:132.2,132.12 1 1
github.com/bhagyaraj1208117/andes-crypto-go/signing/mcl/multisig/bls.go:139.28,146.16 6 7
github.com/bhagyaraj1208117/andes-crypto-go/signing/mcl/multisig/bls.go:146.16,148.3 1 1
github.com/bhagyaraj1208117/andes-crypto-go/signing/mcl/multisig/bls.go:150.2,150.33 1 6
github.com/bhagyaraj1208117/andes-crypto-go/signing/mcl/multisig/bls.go:150.33,151.26 1 82
github.com/bhagyaraj1208117/andes-crypto-go/signing/mcl/multisig/bls.go:151.26,153.4 1 0
github.com/bhagyaraj1208117/andes-crypto-go/signing/mcl/multisig/bls.go:155.3,159.17 3 82
github.com/bhagyaraj1208117/andes-crypto-go/signing/mcl/multisig/bls.go:159.17,161.4 1 1
github.com/bhagyaraj1208117/andes-crypto-go/signing/mcl/multisig/bls.go:164.3,165.17 2 81
github.com/bhagyaraj1208117/andes-crypto-go/signing/mcl/multisig/bls.go:165.17,167.4 1 1
github.com/bhagyaraj1208117/andes-crypto-go/signing/mcl/multisig/bls.go:169.3,170.10 2 80
github.com/bhagyaraj1208117/andes-crypto-go/signing/mcl/multisig/bls.go:170.10,172.4 1 0
github.com/bhagyaraj1208117/andes-crypto-go/signing/mcl/multisig/bls.go:173.3,173.60 1 80
github.com/bhagyaraj1208117/andes-crypto-go/signing/mcl/multisig/bls.go:176.2,176.31 1 4
github.com/bhagyaraj1208117/andes-crypto-go/signing/mcl/multisig/bls.go:183.23,184.26 1 16
github.com/bhagyaraj1208117/andes-crypto-go/signing/mcl/multisig/bls.go:184.26,186.3 1 1
github.com/bhagyaraj1208117/andes-crypto-go/signing/mcl/multisig/bls.go:187.2,188.16 2 15
github.com/bhagyaraj1208117/andes-crypto-go/signing/mcl/multisig/bls.go:188.16,190.3 1 2
github.com/bhagyaraj1208117/andes-crypto-go/signing/mcl/multisig/bls.go:192.2,196.33 4 13
github.com/bhagyaraj1208117/andes-crypto-go/signing/mcl/multisig/bls.go:196.33,198.20 2 168
github.com/bhagyaraj1208117/andes-crypto-go/signing/mcl/multisig/bls.go:198.20,200.4 1 2
github.com/bhagyaraj1208117/andes-crypto-go/signing/mcl/multisig/bls.go:202.3,203.17 2 166
github.com/bhagyaraj1208117/andes-crypto-go/signing/mcl/multisig/bls.go:203.17,205.4 1 1
github.com/bhagyaraj1208117/andes-crypto-go/signing/mcl/multisig/bls.go:207.3,207.41 1 165
github.com/bhagyaraj1208117/andes-crypto-go/signing/mcl/multisig/bls.go:207.41,209.4 1 1
github.com/bhagyaraj1208117/andes-crypto-go/signing/mcl/multisig/bls.go:211.3,213.60 3 164
github.com/bhagyaraj1208117/andes-crypto-go/signing/mcl/multisig/bls.go:213.60,215.4 1 1
github.com/bhagyaraj1208117/andes-crypto-go/signing/mcl/multisig/bls.go:217.3,221.17 4 163
github.com/bhagyaraj1208117/andes-crypto-go/signing/mcl/multisig/bls.go:221.17,223.4 1 0
github.com/bhagyaraj1208117/andes-crypto-go/signing/mcl/multisig/bls.go:225.3,226.17 2 163
github.com/bhagyaraj1208117/andes-crypto-go/signing/mcl/multisig/bls.go:226.17,228.4 1 0
github.com/bhagyaraj1208117/andes-crypto-go/signing/mcl/multisig/bls.go:230.3,231.39 2 163
github.com/bhagyaraj1208117/andes-crypto-go/signing/mcl/multisig/bls.go:234.2,234.22 1 8
github.com/bhagyaraj1208117/andes-crypto-go/signing/mcl/multisig/bls.go:238.64,239.23 1 26
github.com/bhagyaraj1208117/andes-crypto-go/signing/mcl/multisig/bls.go:239.23,241.3 1 1
github.com/bhagyaraj1208117/andes-crypto-go/signing/mcl/multisig/bls.go:243.2,249.29 6 25
github.com/bhagyaraj1208117/andes-crypto-go/signing/mcl/multisig/bls.go:249.29,250.22 1 464
github.com/bhagyaraj1208117/andes-crypto-go/signing/mcl/multisig/bls.go:250.22,252.4 1 2
github.com/bhagyaraj1208117/andes-crypto-go/signing/mcl/multisig/bls.go:254.3,255.25 2 462
github.com/bhagyaraj1208117/andes-crypto-go/signing/mcl/multisig/bls.go:255.25,257.4 1 0
github.com/bhagyaraj1208117/andes-crypto-go/signing/mcl/multisig/bls.go:259.3,260.17 2 462
github.com/bhagyaraj1208117/andes-crypto-go/signing/mcl/multisig/bls.go:260.17,262.4 1 0
github.com/bhagyaraj1208117/andes-crypto-go/signing/mcl/multisig/bls.go:264.3,264.41 1 462
github.com/bhagyaraj1208117/andes-crypto-go/signing/mcl/multisig/bls.go:267.2,267.20 1 23
github.com/bhagyaraj1208117/andes-crypto-go/signing/mcl/multisig/bls.go:271.113,272.25 1 250
github.com/bhagyaraj1208117/andes-crypto-go/signing/mcl/multisig/bls.go:272.25,274.3 1 2
github.com/bhagyaraj1208117/andes-crypto-go/signing/mcl/multisig/bls.go:275.2,275.29 1 248
github.com/bhagyaraj1208117/andes-crypto-go/signing/mcl/multisig/bls.go:275.29,277.3 1 1
github.com/bhagyaraj1208117/andes-crypto-go/signing/mcl/multisig/bls.go:278.2,278.39 1 247
github.com/bhagyaraj1208117/andes-crypto-go/signing/mcl/multisig/bls.go:278.39,280.3 1 1
github.com/bhagyaraj1208117/andes-crypto-go/signing/mcl/multisig/bls.go:281.2,281.30 1 246
github.com/bhagyaraj1208117/andes-crypto-go/signing/mcl/multisig/bls.go:281.30,283.3 1 1
github.com/bhagyaraj1208117/andes-crypto-go/signing/mcl/multisig/bls.go:285.2,286.9 2 245
github.com/bhagyaraj1208117/andes-crypto-go/signing/mcl/multisig/bls.go:286.9,288.3 1 0
github.com/bhagyaraj1208117/andes-crypto-go/signing/mcl/multisig/bls.go:289.2,298.17 6 245
github.com/bhagyaraj1208117/andes-crypto-go/signing/mcl/multisig/bls.go:302.50,304.2 1 2
github.com/bhagyaraj1208117/andes-crypto-go/signing/mcl/multisig/blsKOSK.go:19.101,21.2 1 46
github.com/bhagyaraj1208117/andes-crypto-go/signing/mcl/multisig/blsKOSK.go:24.106,26.2 1 6
github.com/bhagyaraj1208117/andes-crypto-go/signing/mcl/multisig/blsKOSK.go:30.81,31.19 1 4
github.com/bhagyaraj1208117/andes-crypto-go/signing/mcl/multisig/blsKOSK.go:31.19,33.3 1 2
github.com/bhagyaraj1208117/andes-crypto-go/signing/mcl/multisig/blsKOSK.go:35.2,37.12 2 2
github.com/bhagyaraj1208117/andes-crypto-go/signing/mcl/multisig/blsKOSK.go:45.19,46.24 1 8
github.com/bhagyaraj1208117/andes-crypto-go/signing/mcl/multisig/blsKOSK.go:46.24,48.3 1 1
github.com/bhagyaraj1208117/andes-crypto-go/signing/mcl/multisig/blsKOSK.go:49.2,49.26 1 7
github.com/bhagyaraj1208117/andes-crypto-go/signing/mcl/multisig/blsKOSK.go:49.26,51.3 1 2
github.com/bhagyaraj1208117/andes-crypto-go/signing/mcl/multisig/blsKOSK.go:52.2,52.30 1 5
github.com/bhagyaraj1208117/andes-crypto-go/signing/mcl/multisig/blsKOSK.go:52.30,54.3 1 2
github.com/bhagyaraj1208117/andes-crypto-go/signing/mcl/multisig/blsKOSK.go:55.2,56.9 2 3
github.com/bhagyaraj1208117/andes-crypto-go/signing/mcl/multisig/blsKOSK.go:56.9,58.3 1 0
github.com/bhagyaraj1208117/andes-crypto-go/signing/mcl/multisig/blsKOSK.go:60.2,63.33 4 3
github.com/bhagyaraj1208117/andes-crypto-go/signing/mcl/multisig/blsKOSK.go:63.33,65.17 2 41
github.com/bhagyaraj1208117/andes-crypto-go/signing/mcl/multisig/blsKOSK.go:65.17,67.4 1 1
github.com/bhagyaraj1208117/andes-crypto-go/signing/mcl/multisig/blsKOSK.go:69.3,69.37 1 40
github.com/bhagyaraj1208117/andes-crypto-go/signing/mcl/multisig/blsKOSK.go:72.2,75.35 3 2
github.com/bhagyaraj1208117/andes-crypto-go/signing/mcl/multisig/blsKOSK.go:84.9,85.24 1 8
github.com/bhagyaraj1208117/andes-crypto-go/signing/mcl/multisig/blsKOSK.go:85.24,87.3 1 1
github.com/bhagyaraj1208117/andes-crypto-go/signing/mcl/multisig/blsKOSK.go:88.2,88.23 1 7
github.com/bhagyaraj1208117/andes-crypto-go/signing/mcl/multisig/blsKOSK.go:88.23,90.3 1 2
github.com/bhagyaraj1208117/andes-crypto-go/signing/mcl/multisig/blsKOSK.go:91.2,91.27 1 5
github.com/bhagyaraj1208117/andes-crypto-go/signing/mcl/multisig/blsKOSK.go:91.27,93.3 1 2
github.com/bhagyaraj1208117/andes-crypto-go/signing/mcl/multisig/blsKOSK.go:94.2,94.19 1 3
github.com/bhagyaraj1208117/andes-crypto-go/signing/mcl/multisig/blsKOSK.go:94.19,96.3 1 1
github.com/bhagyaraj1208117/andes-crypto-go/signing/mcl/multisig/blsKOSK.go:98.2,99.9 2 2
github.com/bhagyaraj1208117/andes-crypto-go/signing/mcl/multisig/blsKOSK.go:99.9,101.3 1 0
github.com/bhagyaraj1208117/andes-crypto-go/signing/mcl/multisig/blsKOSK.go:103.2,104.16 2 2
github.com/bhagyaraj1208117/andes-crypto-go/signing/mcl/multisig/blsKOSK.go:104.16,106.3 1 0
github.com/bhagyaraj1208117/andes-crypto-go/signing/mcl/multisig/blsKOSK.go:108.2,110.16 3 2
github.com/bhagyaraj1208117/andes-crypto-go/signing/mcl/multisig/blsKOSK.go:110.16,112.3 1 0
github.com/bhagyaraj1208117/andes-crypto-go/signing/mcl/multisig/blsKOSK.go:114.2,115.10 2 2
github.com/bhagyaraj1208117/andes-crypto-go/signing/mcl/multisig/blsKOSK.go:115.10,117.3 1 1
github.com/bhagyaraj1208117/andes-crypto-go/signing/mcl/multisig/blsKOSK.go:119.2,119.12 1 1
github.com/bhagyaraj1208117/andes-crypto-go/signing/mcl/multisig/blsKOSK.go:123.54,125.2 1 0
github.com/bhagyaraj1208117/andes-crypto-go/signing/mcl/multisig/blsOperations.go:14.97,15.15 1 84
github.com/bhagyaraj1208117/andes-crypto-go/signing/mcl/multisig/blsOperations.go:15.15,17.3 1 1
github.com/bhagyaraj1208117/andes-crypto-go/signing/mcl/multisig/blsOperations.go:19.2,20.16 2 83
github.com/bhagyaraj1208117/andes-crypto-go/signing/mcl/multisig/blsOperations.go:20.16,22.3 1 2
github.com/bhagyaraj1208117/andes-crypto-go/signing/mcl/multisig/blsOperations.go:24.2,24.23 1 81
github.com/bhagyaraj1208117/andes-crypto-go/signing/mcl/multisig/blsOperations.go:28.104,29.27 1 167
github.com/bhagyaraj1208117/andes-crypto-go/signing/mcl/multisig/blsOperations.go:29.27,31.3 1 1
github.com/bhagyaraj1208117/andes-crypto-go/signing/mcl/multisig/blsOperations.go:32.2,32.21 1 166
github.com/bhagyaraj1208117/andes-crypto-go/signing/mcl/multisig/blsOperations.go:32.21,34.3 1 1
github.com/bhagyaraj1208117/andes-crypto-go/signing/mcl/multisig/blsOperations.go:35.2,35.24 1 165
github.com/bhagyaraj1208117/andes-crypto-go/signing/mcl/multisig/blsOperations.go:35.24,37.3 1 1
github.com/bhagyaraj1208117/andes-crypto-go/signing/mcl/multisig/blsOperations.go:39.2,41.9 3 164
github.com/bhagyaraj1208117/andes-crypto-go/signing/mcl/multisig/blsOperations.go:41.9,43.3 1 0
github.com/bhagyaraj1208117/andes-crypto-go/signing/mcl/multisig/blsOperations.go:45.2,46.16 2 164
github.com/bhagyaraj1208117/andes-crypto-go/signing/mcl/multisig/blsOperations.go:46.16,48.3 1 0
github.com/bhagyaraj1208117/andes-crypto-go/signing/mcl/multisig/blsOperations.go:50.2,51.16 2 164
github.com/bhagyaraj1208117/andes-crypto-go/signing/mcl/multisig/blsOperations.go:51.16,53.3 1 0
github.com/bhagyaraj1208117/andes-crypto-go/signing/mcl/multisig/blsOperations.go:55.2,56.9 2 164
github.com/bhagyaraj1208117/andes-crypto-go/signing/mcl/multisig/blsOperations.go:56.9,58.3 1 0
github.com/bhagyaraj1208117/andes-crypto-go/signing/mcl/multisig/blsOperations.go:60.2,60.24 1 164
github.com/bhagyaraj1208117/andes-crypto-go/signing/mcl/multisig/blsOperations.go:64.56,66.16 2 6
github.com/bhagyaraj1208117/andes-crypto-go/signing/mcl/multisig/blsOperations.go:66.16,68.3 1 4
github.com/bhagyaraj1208117/andes-crypto-go/signing/mcl/multisig/blsOperations.go:70.2,73.17 3 2
github.com/bhagyaraj1208117/andes-crypto-go/signing/mcl/multisig/blsOperations.go:76.51,78.19 2 52
github.com/bhagyaraj1208117/andes-crypto-go/signing/mcl/multisig/blsOperations.go:78.19,80.3 1 2
github.com/bhagyaraj1208117/andes-crypto-go/signing/mcl/multisig/blsOperations.go:81.2,82.16 2 50
github.com/bhagyaraj1208117/andes-crypto-go/signing/mcl/multisig/blsOperations.go:82.16,84.3 1 2
github.com/bhagyaraj1208117/andes-crypto-go/signing/mcl/multisig/blsOperations.go:86.2,86.40 1 48
github.com/bhagyaraj1208117/andes-crypto-go/signing/mcl/multisig/blsOperations.go:86.40,88.3 1 5
github.com/bhagyaraj1208117/andes-crypto-go/signing/mcl/multisig/blsOperations.go:90.2,90.20 1 43
github.com/bhagyaraj1208117/andes-crypto-go/signing/mcl/multisig/blsOperations.go:93.78,95.33 2 4
github.com/bhagyaraj1208117/andes-crypto-go/signing/mcl/multisig/blsOperations.go:95.33,97.17 2 43
github.com/bhagyaraj1208117/andes-crypto-go/signing/mcl/multisig/blsOperations.go:97.17,99.4 1 1
github.com/bhagyaraj1208117/andes-crypto-go/signing/mcl/multisig/blsOperations.go:101.3,101.46 1 42
github.com/bhagyaraj1208117/andes-crypto-go/signing/mcl/multisig/blsOperations.go:104.2,104.24 1 3
github.com/bhagyaraj1208117/andes-crypto-go/signing/mcl/multisig/blsOperations.go:107.73,110.9 3 45
github.com/bhagyaraj1208117/andes-crypto-go/signing/mcl/multisig/blsOperations.go:110.9,112.3 1 2
github.com/bhagyaraj1208117/andes-crypto-go/signing/mcl/multisig/blsOperations.go:114.2,116.24 2 43
github.com/bhagyaraj1208117/andes-crypto-go/signing/mcl/multisig/blsOperations.go:120.82,121.24 1 83
github.com/bhagyaraj1208117/andes-crypto-go/signing/mcl/multisig/blsOperations.go:121.24,123.3 1 2
github.com/bhagyaraj1208117/andes-crypto-go/signing/mcl/multisig/blsOperations.go:125.2,129.16 4 81
github.com/bhagyaraj1208117/andes-crypto-go/signing/mcl/multisig/blsOperations.go:129.16,131.3 1 0
github.com/bhagyaraj1208117/andes-crypto-go/signing/mcl/multisig/blsOperations.go:133.2,133.20 1 81
github.com/bhagyaraj1208117/andes-crypto-go/signing/secp256k1/singlesig/secp256k1.go:15.87,16.26 1 4
github.com/bhagyaraj1208117/andes-crypto-go/signing/secp256k1/singlesig/secp256k1.go:16.26,18.3 1 1
github.com/bhagyaraj1208117/andes-crypto-go/signing/secp256k1/singlesig/secp256k1.go:20.2,21.9 2 3
github.com/bhagyaraj1208117/andes-crypto-go/signing/secp256k1/singlesig/secp256k1.go:21.9,23.3 1 1
github.com/bhagyaraj1208117/andes-crypto-go/signing/secp256k1/singlesig/secp256k1.go:25.2,27.29 2 2
github.com/bhagyaraj1208117/andes-crypto-go/signing/secp256k1/singlesig/secp256k1.go:31.89,32.25 1 3
github.com/bhagyaraj1208117/andes-crypto-go/signing/secp256k1/singlesig/secp256k1.go:32.25,34.3 1 1
github.com/bhagyaraj1208117/andes-crypto-go/signing/secp256k1/singlesig/secp256k1.go:36.2,37.9 2 2
github.com/bhagyaraj1208117/andes-crypto-go/signing/secp256k1/singlesig/secp256k1.go:37.9,39.3 1 1
github.com/bhagyaraj1208117/andes-crypto-go/signing/secp256k1/singlesig/secp256k1.go:41.2,42.16 2 1
github.com/bhagyaraj1208117/andes-crypto-go/signing/secp256k1/singlesig/secp256k1.go:42.16,44.3 1 0
github.com/bhagyaraj1208117/andes-crypto-go/signing/secp256k1/singlesig/secp256k1.go:46.2,47.12 2 1
github.com/bhagyaraj1208117/andes-crypto-go/signing/secp256k1/singlesig/secp256k1.go:47.12,49.3 1 0
github.com/bhagyaraj1208117/andes-crypto-go/signing/secp256k1/singlesig/secp256k1.go:51.2,51.12 1 1
github.com/bhagyaraj1208117/andes-crypto-go/signing/secp256k1/singlesig/secp256k1.go:55.49,57.2 1 0
github.com/bhagyaraj1208117/andes-crypto-go/signing/secp256k1/point.go:16.58,18.2 1 0
github.com/bhagyaraj1208117/andes-crypto-go/signing/secp256k1/point.go:21.59,23.2 1 3
github.com/bhagyaraj1208117/andes-crypto-go/signing/secp256k1/point.go:26.61,28.16 2 3
github.com/bhagyaraj1208117/andes-crypto-go/signing/secp256k1/point.go:28.16,30.3 1 0
github.com/bhagyaraj1208117/andes-crypto-go/signing/secp256k1/point.go:32.2,34.12 2 3
github.com/bhagyaraj1208117/andes-crypto-go/signing/secp256k1/point.go:38.48,39.15 1 1
github.com/bhagyaraj1208117/andes-crypto-go/signing/secp256k1/point.go:39.15,41.3 1 0
github.com/bhagyaraj1208117/andes-crypto-go/signing/secp256k1/point.go:43.2,47.16 4 1
github.com/bhagyaraj1208117/andes-crypto-go/signing/secp256k1/point.go:47.16,50.3 2 0
github.com/bhagyaraj1208117/andes-crypto-go/signing/secp256k1/point.go:52.2,52.11 1 1
github.com/bhagyaraj1208117/andes-crypto-go/signing/secp256k1/point.go:57.63,58.20 1 8
github.com/bhagyaraj1208117/andes-crypto-go/signing/secp256k1/point.go:58.20,60.3 1 1
github.com/bhagyaraj1208117/andes-crypto-go/signing/secp256k1/point.go:62.2,63.9 2 7
github.com/bhagyaraj1208117/andes-crypto-go/signing/secp256k1/point.go:63.9,65.3 1 1
github.com/bhagyaraj1208117/andes-crypto-go/signing/secp256k1/point.go:67.2,67.42 1 6
github.com/bhagyaraj1208117/andes-crypto-go/signing/secp256k1/point.go:71.53,72.20 1 5
github.com/bhagyaraj1208117/andes-crypto-go/signing/secp256k1/point.go:72.20,74.3 1 1
github.com/bhagyaraj1208117/andes-crypto-go/signing/secp256k1/point.go:76.2,77.9 2 4
github.com/bhagyaraj1208117/andes-crypto-go/signing/secp256k1/point.go:77.9,79.3 1 1
github.com/bhagyaraj1208117/andes-crypto-go/signing/secp256k1/point.go:81.2,83.12 2 3
github.com/bhagyaraj1208117/andes-crypto-go/signing/secp256k1/point.go:87.47,91.2 2 1
github.com/bhagyaraj1208117/andes-crypto-go/signing/secp256k1/point.go:94.69,96.2 1 1
github.com/bhagyaraj1208117/andes-crypto-go/signing/secp256k1/point.go:99.69,101.2 1 1
github.com/bhagyaraj1208117/andes-crypto-go/signing/secp256k1/point.go:104.46,108.2 2 1
github.com/bhagyaraj1208117/andes-crypto-go/signing/secp256k1/point.go:111.70,113.2 1 1
github.com/bhagyaraj1208117/andes-crypto-go/signing/secp256k1/point.go:116.56,118.2 1 1
github.com/bhagyaraj1208117/andes-crypto-go/signing/secp256k1/point.go:121.49,123.2 1 9
github.com/bhagyaraj1208117/andes-crypto-go/signing/secp256k1/scalar.go:16.58,18.2 1 1
github.com/bhagyaraj1208117/andes-crypto-go/signing/secp256k1/scalar.go:21.59,23.2 1 2
github.com/bhagyaraj1208117/andes-crypto-go/signing/secp256k1/scalar.go:26.61,32.2 3 2
github.com/bhagyaraj1208117/andes-crypto-go/signing/secp256k1/scalar.go:36.64,37.20 1 8
github.com/bhagyaraj1208117/andes-crypto-go/signing/secp256k1/scalar.go:37.20,39.3 1 1
github.com/bhagyaraj1208117/andes-crypto-go/signing/secp256k1/scalar.go:41.2,42.9 2 7
github.com/bhagyaraj1208117/andes-crypto-go/signing/secp256k1/scalar.go:42.9,44.3 1 1
github.com/bhagyaraj1208117/andes-crypto-go/signing/secp256k1/scalar.go:46.2,46.60 1 6
github.com/bhagyaraj1208117/andes-crypto-go/signing/secp256k1/scalar.go:50.54,51.20 1 5
github.com/bhagyaraj1208117/andes-crypto-go/signing/secp256k1/scalar.go:51.20,53.3 1 1
github.com/bhagyaraj1208117/andes-crypto-go/signing/secp256k1/scalar.go:55.2,56.9 2 4
github.com/bhagyaraj1208117/andes-crypto-go/signing/secp256k1/scalar.go:56.9,58.3 1 1
github.com/bhagyaraj1208117/andes-crypto-go/signing/secp256k1/scalar.go:60.2,62.12 2 3
github.com/bhagyaraj1208117/andes-crypto-go/signing/secp256k1/scalar.go:66.49,67.14 1 1
github.com/bhagyaraj1208117/andes-crypto-go/signing/secp256k1/scalar.go:67.14,69.3 1 0
github.com/bhagyaraj1208117/andes-crypto-go/signing/secp256k1/scalar.go:71.2,76.11 4 1
github.com/bhagyaraj1208117/andes-crypto-go/signing/secp256k1/scalar.go:80.45,82.2 1 0
github.com/bhagyaraj1208117/andes-crypto-go/signing/secp256k1/scalar.go:85.48,89.2 2 1
github.com/bhagyaraj1208117/andes-crypto-go/signing/secp256k1/scalar.go:92.71,94.2 1 1
github.com/bhagyaraj1208117/andes-crypto-go/signing/secp256k1/scalar.go:97.71,99.2 1 1
github.com/bhagyaraj1208117/andes-crypto-go/signing/secp256k1/scalar.go:102.47,106.2 2 1
github.com/bhagyaraj1208117/andes-crypto-go/signing/secp256k1/scalar.go:109.47,113.2 2 1
github.com/bhagyaraj1208117/andes-crypto-go/signing/secp256k1/scalar.go:116.71,118.2 1 1
github.com/bhagyaraj1208117/andes-crypto-go/signing/secp256k1/scalar.go:121.71,123.2 1 1
github.com/bhagyaraj1208117/andes-crypto-go/signing/secp256k1/scalar.go:126.71,128.2 1 1
github.com/bhagyaraj1208117/andes-crypto-go/signing/secp256k1/scalar.go:131.57,133.2 1 1
github.com/bhagyaraj1208117/andes-crypto-go/signing/secp256k1/scalar.go:136.69,138.2 1 1
github.com/bhagyaraj1208117/andes-crypto-go/signing/secp256k1/scalar.go:141.49,143.2 1 9
github.com/bhagyaraj1208117/andes-crypto-go/signing/secp256k1/suite.go:29.37,31.2 1 34
github.com/bhagyaraj1208117/andes-crypto-go/signing/secp256k1/suite.go:34.72,36.16 2 22
github.com/bhagyaraj1208117/andes-crypto-go/signing/secp256k1/suite.go:36.16,37.63 1 0
github.com/bhagyaraj1208117/andes-crypto-go/signing/secp256k1/suite.go:40.2,40.71 1 22
github.com/bhagyaraj1208117/andes-crypto-go/signing/secp256k1/suite.go:44.42,46.2 1 1
github.com/bhagyaraj1208117/andes-crypto-go/signing/secp256k1/suite.go:49.42,51.2 1 1
github.com/bhagyaraj1208117/andes-crypto-go/signing/secp256k1/suite.go:54.55,56.16 2 18
github.com/bhagyaraj1208117/andes-crypto-go/signing/secp256k1/suite.go:56.16,57.63 1 0
github.com/bhagyaraj1208117/andes-crypto-go/signing/secp256k1/suite.go:60.2,60.35 1 18
github.com/bhagyaraj1208117/andes-crypto-go/signing/secp256k1/suite.go:64.41,66.2 1 3
github.com/bhagyaraj1208117/andes-crypto-go/signing/secp256k1/suite.go:69.53,72.2 2 19
github.com/bhagyaraj1208117/andes-crypto-go/signing/secp256k1/suite.go:75.91,77.9 2 2
github.com/bhagyaraj1208117/andes-crypto-go/signing/secp256k1/suite.go:77.9,79.3 1 1
github.com/bhagyaraj1208117/andes-crypto-go/signing/secp256k1/suite.go:81.2,81.51 1 1
github.com/bhagyaraj1208117/andes-crypto-go/signing/secp256k1/suite.go:85.67,86.37 1 2
github.com/bhagyaraj1208117/andes-crypto-go/signing/secp256k1/suite.go:86.37,88.3 1 1
github.com/bhagyaraj1208117/andes-crypto-go/signing/secp256k1/suite.go:90.2,92.16 3 1
github.com/bhagyaraj1208117/andes-crypto-go/signing/secp256k1/suite.go:92.16,94.3 1 0
github.com/bhagyaraj1208117/andes-crypto-go/signing/secp256k1/suite.go:96.2,96.12 1 1
github.com/bhagyaraj1208117/andes-crypto-go/signing/secp256k1/suite.go:100.55,104.2 2 0
github.com/bhagyaraj1208117/andes-crypto-go/signing/secp256k1/suite.go:107.59,111.2 2 0
github.com/bhagyaraj1208117/andes-crypto-go/signing/secp256k1/suite.go:114.48,116.2 1 1
